[0.007s] Invoking command in '/home/jaehyun/turtlebot3_ws/build/turtlebot3_simulations': CMAKE_PREFIX_PATH=/home/jaehyun/turtlebot3_ws/install/turtlebot3_gazebo:/home/jaehyun/turtlebot3_ws/install/turtlebot3_fake_node:/home/jaehyun/yolobot/install/yolov8_msgs:/home/jaehyun/yolobot/install/yolobot_recognition:/home/jaehyun/yolobot/install/yolobot_gazebo:/home/jaehyun/yolobot/install/yolobot_description:/home/jaehyun/yolobot/install/yolobot_control:/home/jaehyun/turtlebot3_ws/install/turtlebot3_simulations:/opt/ros/foxy /usr/bin/cmake --build /home/jaehyun/turtlebot3_ws/build/turtlebot3_simulations -- -j8 -l8
[0.031s] Invoked command in '/home/jaehyun/turtlebot3_ws/build/turtlebot3_simulations' returned '0': CMAKE_PREFIX_PATH=/home/jaehyun/turtlebot3_ws/install/turtlebot3_gazebo:/home/jaehyun/turtlebot3_ws/install/turtlebot3_fake_node:/home/jaehyun/yolobot/install/yolov8_msgs:/home/jaehyun/yolobot/install/yolobot_recognition:/home/jaehyun/yolobot/install/yolobot_gazebo:/home/jaehyun/yolobot/install/yolobot_description:/home/jaehyun/yolobot/install/yolobot_control:/home/jaehyun/turtlebot3_ws/install/turtlebot3_simulations:/opt/ros/foxy /usr/bin/cmake --build /home/jaehyun/turtlebot3_ws/build/turtlebot3_simulations -- -j8 -l8
[0.032s] Invoking command in '/home/jaehyun/turtlebot3_ws/build/turtlebot3_simulations': CMAKE_PREFIX_PATH=/home/jaehyun/turtlebot3_ws/install/turtlebot3_gazebo:/home/jaehyun/turtlebot3_ws/install/turtlebot3_fake_node:/home/jaehyun/yolobot/install/yolov8_msgs:/home/jaehyun/yolobot/install/yolobot_recognition:/home/jaehyun/yolobot/install/yolobot_gazebo:/home/jaehyun/yolobot/install/yolobot_description:/home/jaehyun/yolobot/install/yolobot_control:/home/jaehyun/turtlebot3_ws/install/turtlebot3_simulations:/opt/ros/foxy /usr/bin/cmake --install /home/jaehyun/turtlebot3_ws/build/turtlebot3_simulations
[0.039s] -- Install configuration: ""
[0.039s] -- Execute custom install script
[0.039s] -- Up-to-date symlink: /home/jaehyun/turtlebot3_ws/install/turtlebot3_simulations/share/ament_index/resource_index/package_run_dependencies/turtlebot3_simulations
[0.039s] -- Up-to-date symlink: /home/jaehyun/turtlebot3_ws/install/turtlebot3_simulations/share/ament_index/resource_index/parent_prefix_path/turtlebot3_simulations
[0.039s] -- Up-to-date symlink: /home/jaehyun/turtlebot3_ws/install/turtlebot3_simulations/share/turtlebot3_simulations/environment/ament_prefix_path.sh
[0.039s] -- Up-to-date symlink: /home/jaehyun/turtlebot3_ws/install/turtlebot3_simulations/share/turtlebot3_simulations/environment/ament_prefix_path.dsv
[0.040s] -- Up-to-date symlink: /home/jaehyun/turtlebot3_ws/install/turtlebot3_simulations/share/turtlebot3_simulations/environment/path.sh
[0.040s] -- Up-to-date symlink: /home/jaehyun/turtlebot3_ws/install/turtlebot3_simulations/share/turtlebot3_simulations/environment/path.dsv
[0.040s] -- Up-to-date symlink: /home/jaehyun/turtlebot3_ws/install/turtlebot3_simulations/share/turtlebot3_simulations/local_setup.bash
[0.040s] -- Up-to-date symlink: /home/jaehyun/turtlebot3_ws/install/turtlebot3_simulations/share/turtlebot3_simulations/local_setup.sh
[0.040s] -- Up-to-date symlink: /home/jaehyun/turtlebot3_ws/install/turtlebot3_simulations/share/turtlebot3_simulations/local_setup.zsh
[0.040s] -- Up-to-date symlink: /home/jaehyun/turtlebot3_ws/install/turtlebot3_simulations/share/turtlebot3_simulations/local_setup.dsv
[0.041s] -- Symlinking: /home/jaehyun/turtlebot3_ws/install/turtlebot3_simulations/share/turtlebot3_simulations/package.dsv
[0.046s] -- Up-to-date symlink: /home/jaehyun/turtlebot3_ws/install/turtlebot3_simulations/share/ament_index/resource_index/packages/turtlebot3_simulations
[0.046s] -- Up-to-date symlink: /home/jaehyun/turtlebot3_ws/install/turtlebot3_simulations/share/turtlebot3_simulations/cmake/turtlebot3_simulationsConfig.cmake
[0.046s] -- Up-to-date symlink: /home/jaehyun/turtlebot3_ws/install/turtlebot3_simulations/share/turtlebot3_simulations/cmake/turtlebot3_simulationsConfig-version.cmake
[0.047s] -- Up-to-date symlink: /home/jaehyun/turtlebot3_ws/install/turtlebot3_simulations/share/turtlebot3_simulations/package.xml
[0.048s] Invoked command in '/home/jaehyun/turtlebot3_ws/build/turtlebot3_simulations' returned '0': CMAKE_PREFIX_PATH=/home/jaehyun/turtlebot3_ws/install/turtlebot3_gazebo:/home/jaehyun/turtlebot3_ws/install/turtlebot3_fake_node:/home/jaehyun/yolobot/install/yolov8_msgs:/home/jaehyun/yolobot/install/yolobot_recognition:/home/jaehyun/yolobot/install/yolobot_gazebo:/home/jaehyun/yolobot/install/yolobot_description:/home/jaehyun/yolobot/install/yolobot_control:/home/jaehyun/turtlebot3_ws/install/turtlebot3_simulations:/opt/ros/foxy /usr/bin/cmake --install /home/jaehyun/turtlebot3_ws/build/turtlebot3_simulations
