[0.006s] Invoking command in '/home/jaehyun/turtlebot3_ws/build/turtlebot3_simulations': AMENT_PREFIX_PATH=/home/jaehyun/turtlebot3_ws/install/turtlebot3_gazebo:/home/jaehyun/turtlebot3_ws/install/turtlebot3_fake_node:${AMENT_PREFIX_PATH} CMAKE_PREFIX_PATH=/home/jaehyun/turtlebot3_ws/install/turtlebot3_gazebo:/home/jaehyun/turtlebot3_ws/install/turtlebot3_fake_node:/opt/ros/foxy /usr/bin/cmake /home/jaehyun/turtlebot3_ws/src/turtlebot3_simulations/turtlebot3_simulations -DAMENT_CMAKE_SYMLINK_INSTALL=1 -DCMAKE_INSTALL_PREFIX=/home/jaehyun/turtlebot3_ws/install/turtlebot3_simulations
[0.044s] -- The C compiler identification is GNU 9.4.0
[0.083s] -- The CXX compiler identification is GNU 9.4.0
[0.086s] -- Check for working C compiler: /usr/bin/cc
[0.133s] -- Check for working C compiler: /usr/bin/cc -- works
[0.133s] -- Detecting C compiler ABI info
[0.180s] -- Detecting C compiler ABI info - done
[0.188s] -- Detecting C compile features
[0.188s] -- Detecting C compile features - done
[0.190s] -- Check for working CXX compiler: /usr/bin/c++
[0.242s] -- Check for working CXX compiler: /usr/bin/c++ -- works
[0.242s] -- Detecting CXX compiler ABI info
[0.296s] -- Detecting CXX compiler ABI info - done
[0.304s] -- Detecting CXX compile features
[0.304s] -- Detecting CXX compile features - done
[0.305s] -- Found ament_cmake: 0.9.12 (/opt/ros/foxy/share/ament_cmake/cmake)
[0.320s] -- Found PythonInterp: /usr/bin/python3 (found suitable version "3.8.10", minimum required is "3") 
[0.320s] -- Using PYTHON_EXECUTABLE: /usr/bin/python3
[0.423s] -- Override CMake install command with custom implementation using symlinks instead of copying resources
[0.475s] -- Configuring done
[0.476s] -- Generating done
[0.477s] -- Build files have been written to: /home/jaehyun/turtlebot3_ws/build/turtlebot3_simulations
[0.479s] Invoked command in '/home/jaehyun/turtlebot3_ws/build/turtlebot3_simulations' returned '0': AMENT_PREFIX_PATH=/home/jaehyun/turtlebot3_ws/install/turtlebot3_gazebo:/home/jaehyun/turtlebot3_ws/install/turtlebot3_fake_node:${AMENT_PREFIX_PATH} CMAKE_PREFIX_PATH=/home/jaehyun/turtlebot3_ws/install/turtlebot3_gazebo:/home/jaehyun/turtlebot3_ws/install/turtlebot3_fake_node:/opt/ros/foxy /usr/bin/cmake /home/jaehyun/turtlebot3_ws/src/turtlebot3_simulations/turtlebot3_simulations -DAMENT_CMAKE_SYMLINK_INSTALL=1 -DCMAKE_INSTALL_PREFIX=/home/jaehyun/turtlebot3_ws/install/turtlebot3_simulations
[0.481s] Invoking command in '/home/jaehyun/turtlebot3_ws/build/turtlebot3_simulations': AMENT_PREFIX_PATH=/home/jaehyun/turtlebot3_ws/install/turtlebot3_gazebo:/home/jaehyun/turtlebot3_ws/install/turtlebot3_fake_node:${AMENT_PREFIX_PATH} CMAKE_PREFIX_PATH=/home/jaehyun/turtlebot3_ws/install/turtlebot3_gazebo:/home/jaehyun/turtlebot3_ws/install/turtlebot3_fake_node:/opt/ros/foxy /usr/bin/cmake --build /home/jaehyun/turtlebot3_ws/build/turtlebot3_simulations -- -j8 -l8
[0.509s] Invoked command in '/home/jaehyun/turtlebot3_ws/build/turtlebot3_simulations' returned '0': AMENT_PREFIX_PATH=/home/jaehyun/turtlebot3_ws/install/turtlebot3_gazebo:/home/jaehyun/turtlebot3_ws/install/turtlebot3_fake_node:${AMENT_PREFIX_PATH} CMAKE_PREFIX_PATH=/home/jaehyun/turtlebot3_ws/install/turtlebot3_gazebo:/home/jaehyun/turtlebot3_ws/install/turtlebot3_fake_node:/opt/ros/foxy /usr/bin/cmake --build /home/jaehyun/turtlebot3_ws/build/turtlebot3_simulations -- -j8 -l8
[0.510s] Invoking command in '/home/jaehyun/turtlebot3_ws/build/turtlebot3_simulations': AMENT_PREFIX_PATH=/home/jaehyun/turtlebot3_ws/install/turtlebot3_gazebo:/home/jaehyun/turtlebot3_ws/install/turtlebot3_fake_node:${AMENT_PREFIX_PATH} CMAKE_PREFIX_PATH=/home/jaehyun/turtlebot3_ws/install/turtlebot3_gazebo:/home/jaehyun/turtlebot3_ws/install/turtlebot3_fake_node:/opt/ros/foxy /usr/bin/cmake --install /home/jaehyun/turtlebot3_ws/build/turtlebot3_simulations
[0.516s] -- Install configuration: ""
[0.517s] -- Execute custom install script
[0.517s] -- Symlinking: /home/jaehyun/turtlebot3_ws/install/turtlebot3_simulations/share/ament_index/resource_index/package_run_dependencies/turtlebot3_simulations
[0.523s] -- Symlinking: /home/jaehyun/turtlebot3_ws/install/turtlebot3_simulations/share/ament_index/resource_index/parent_prefix_path/turtlebot3_simulations
[0.529s] -- Symlinking: /home/jaehyun/turtlebot3_ws/install/turtlebot3_simulations/share/turtlebot3_simulations/environment/ament_prefix_path.sh
[0.536s] -- Symlinking: /home/jaehyun/turtlebot3_ws/install/turtlebot3_simulations/share/turtlebot3_simulations/environment/ament_prefix_path.dsv
[0.544s] -- Symlinking: /home/jaehyun/turtlebot3_ws/install/turtlebot3_simulations/share/turtlebot3_simulations/environment/path.sh
[0.550s] -- Symlinking: /home/jaehyun/turtlebot3_ws/install/turtlebot3_simulations/share/turtlebot3_simulations/environment/path.dsv
[0.558s] -- Symlinking: /home/jaehyun/turtlebot3_ws/install/turtlebot3_simulations/share/turtlebot3_simulations/local_setup.bash
[0.566s] -- Symlinking: /home/jaehyun/turtlebot3_ws/install/turtlebot3_simulations/share/turtlebot3_simulations/local_setup.sh
[0.574s] -- Symlinking: /home/jaehyun/turtlebot3_ws/install/turtlebot3_simulations/share/turtlebot3_simulations/local_setup.zsh
[0.580s] -- Symlinking: /home/jaehyun/turtlebot3_ws/install/turtlebot3_simulations/share/turtlebot3_simulations/local_setup.dsv
[0.587s] -- Symlinking: /home/jaehyun/turtlebot3_ws/install/turtlebot3_simulations/share/turtlebot3_simulations/package.dsv
[0.593s] -- Symlinking: /home/jaehyun/turtlebot3_ws/install/turtlebot3_simulations/share/ament_index/resource_index/packages/turtlebot3_simulations
[0.599s] -- Symlinking: /home/jaehyun/turtlebot3_ws/install/turtlebot3_simulations/share/turtlebot3_simulations/cmake/turtlebot3_simulationsConfig.cmake
[0.604s] -- Symlinking: /home/jaehyun/turtlebot3_ws/install/turtlebot3_simulations/share/turtlebot3_simulations/cmake/turtlebot3_simulationsConfig-version.cmake
[0.610s] -- Symlinking: /home/jaehyun/turtlebot3_ws/install/turtlebot3_simulations/share/turtlebot3_simulations/package.xml
[0.617s] Invoked command in '/home/jaehyun/turtlebot3_ws/build/turtlebot3_simulations' returned '0': AMENT_PREFIX_PATH=/home/jaehyun/turtlebot3_ws/install/turtlebot3_gazebo:/home/jaehyun/turtlebot3_ws/install/turtlebot3_fake_node:${AMENT_PREFIX_PATH} CMAKE_PREFIX_PATH=/home/jaehyun/turtlebot3_ws/install/turtlebot3_gazebo:/home/jaehyun/turtlebot3_ws/install/turtlebot3_fake_node:/opt/ros/foxy /usr/bin/cmake --install /home/jaehyun/turtlebot3_ws/build/turtlebot3_simulations
