[0.014s] Invoking command in '/home/jaehyun/turtlebot3_ws/build/turtlebot3_gazebo': CMAKE_PREFIX_PATH=${CMAKE_PREFIX_PATH}:/opt/ros/foxy /usr/bin/cmake /home/jaehyun/turtlebot3_ws/src/turtlebot3_simulations/turtlebot3_gazebo -DCMAKE_INSTALL_PREFIX=/home/jaehyun/turtlebot3_ws/install/turtlebot3_gazebo
[0.024s] -- Found ament_cmake: 0.9.12 (/opt/ros/foxy/share/ament_cmake/cmake)
[0.038s] -- Using PYTHON_EXECUTABLE: /usr/bin/python3
[0.142s] -- Override CMake install command with custom implementation using symlinks instead of copying resources
[0.180s] -- Found DART: /usr/include (Required is at least version "6.6") found components: dart 
[0.205s] -- Found Protobuf: /usr/lib/x86_64-linux-gnu/libprotobuf.so;-lpthread (found version "3.6.1") 
[0.206s] -- Looking for ignition-math6 -- found version 6.15.1
[0.211s] -- Searching for dependencies of ignition-math6
[0.212s] -- Looking for OGRE...
[0.216s] -- Found Ogre Ghadamon (1.9.0)
[0.216s] -- Found OGRE: optimized;/usr/lib/x86_64-linux-gnu/libOgreMain.so;debug;/usr/lib/x86_64-linux-gnu/libOgreMain.so
[0.223s] -- Looking for OGRE_Paging...
[0.224s] -- Found OGRE_Paging: optimized;/usr/lib/x86_64-linux-gnu/libOgrePaging.so;debug;/usr/lib/x86_64-linux-gnu/libOgrePaging.so
[0.224s] -- Looking for OGRE_Terrain...
[0.224s] -- Found OGRE_Terrain: optimized;/usr/lib/x86_64-linux-gnu/libOgreTerrain.so;debug;/usr/lib/x86_64-linux-gnu/libOgreTerrain.so
[0.224s] -- Looking for OGRE_Property...
[0.224s] -- Found OGRE_Property: optimized;/usr/lib/x86_64-linux-gnu/libOgreProperty.so;debug;/usr/lib/x86_64-linux-gnu/libOgreProperty.so
[0.224s] -- Looking for OGRE_RTShaderSystem...
[0.224s] -- Found OGRE_RTShaderSystem: optimized;/usr/lib/x86_64-linux-gnu/libOgreRTShaderSystem.so;debug;/usr/lib/x86_64-linux-gnu/libOgreRTShaderSystem.so
[0.224s] -- Looking for OGRE_Volume...
[0.224s] -- Found OGRE_Volume: optimized;/usr/lib/x86_64-linux-gnu/libOgreVolume.so;debug;/usr/lib/x86_64-linux-gnu/libOgreVolume.so
[0.224s] -- Looking for OGRE_Overlay...
[0.224s] -- Found OGRE_Overlay: optimized;/usr/lib/x86_64-linux-gnu/libOgreOverlay.so;debug;/usr/lib/x86_64-linux-gnu/libOgreOverlay.so
[0.305s] -- Looking for ignition-math6 -- found version 6.15.1
[0.306s] -- Looking for ignition-transport8 -- found version 8.3.0
[0.306s] -- Searching for dependencies of ignition-transport8
[0.318s] -- Found Protobuf: /usr/lib/x86_64-linux-gnu/libprotobuf.so;-lpthread (found suitable version "3.6.1", minimum required is "3") 
[0.326s] -- Config-file not installed for ZeroMQ -- checking for pkg-config
[0.329s] -- Checking for module 'libzmq >= 4'
[0.339s] --   Found libzmq , version 4.3.2
[0.366s] -- Checking for module 'uuid'
[0.376s] --   Found uuid, version 2.34.0
[0.398s] -- Looking for ignition-msgs5 -- found version 5.10.0
[0.399s] -- Searching for dependencies of ignition-msgs5
[0.411s] -- Looking for ignition-math6 -- found version 6.15.1
[0.414s] -- Checking for module 'tinyxml2'
[0.424s] --   Found tinyxml2, version 6.2.0
[0.447s] -- Looking for ignition-msgs5 -- found version 5.10.0
[0.447s] -- Looking for ignition-common3 -- found version 3.14.2
[0.448s] -- Searching for dependencies of ignition-common3
[0.448s] -- Looking for dlfcn.h - found
[0.448s] -- Looking for libdl - found
[0.455s] -- Searching for <ignition-common3> component [graphics]
[0.455s] -- Looking for ignition-common3-graphics -- found version 3.14.2
[0.455s] -- Searching for dependencies of ignition-common3-graphics
[0.456s] -- Looking for ignition-math6 -- found version 6.15.1
[0.457s] -- Looking for ignition-fuel_tools4 -- found version 4.6.0
[0.457s] -- Searching for dependencies of ignition-fuel_tools4
[0.476s] -- Checking for module 'jsoncpp'
[0.485s] --   Found jsoncpp, version 1.7.4
[0.511s] -- Checking for module 'libzip'
[0.520s] --   Found libzip, version 1.5.1
[0.543s] -- Looking for ignition-common3 -- found version 3.14.2
[0.543s] -- Looking for ignition-math6 -- found version 6.15.1
[0.543s] -- Looking for ignition-msgs5 -- found version 5.10.0
[0.544s] -- Found gazebo_ros_pkgs: 3.5.3 (/opt/ros/foxy/share/gazebo_ros_pkgs/cmake)
[0.544s] -- Found geometry_msgs: 2.0.5 (/opt/ros/foxy/share/geometry_msgs/cmake)
[0.554s] -- Using all available rosidl_typesupport_c: rosidl_typesupport_fastrtps_c;rosidl_typesupport_introspection_c
[0.556s] -- Found rosidl_adapter: 1.3.1 (/opt/ros/foxy/share/rosidl_adapter/cmake)
[0.635s] -- Using all available rosidl_typesupport_cpp: rosidl_typesupport_fastrtps_cpp;rosidl_typesupport_introspection_cpp
[0.688s] -- Found nav_msgs: 2.0.5 (/opt/ros/foxy/share/nav_msgs/cmake)
[0.734s] -- Found rclcpp: 2.4.3 (/opt/ros/foxy/share/rclcpp/cmake)
[0.757s] -- Found rmw_implementation_cmake: 1.0.4 (/opt/ros/foxy/share/rmw_implementation_cmake/cmake)
[0.758s] -- Using RMW implementation 'rmw_fastrtps_cpp' as default
[0.845s] -- Found sensor_msgs: 2.0.5 (/opt/ros/foxy/share/sensor_msgs/cmake)
[0.892s] -- Found tf2: 0.13.14 (/opt/ros/foxy/share/tf2/cmake)
[0.939s] -- Configuring done
[0.961s] -- Generating done
[0.967s] -- Build files have been written to: /home/jaehyun/turtlebot3_ws/build/turtlebot3_gazebo
[0.973s] Invoked command in '/home/jaehyun/turtlebot3_ws/build/turtlebot3_gazebo' returned '0': CMAKE_PREFIX_PATH=${CMAKE_PREFIX_PATH}:/opt/ros/foxy /usr/bin/cmake /home/jaehyun/turtlebot3_ws/src/turtlebot3_simulations/turtlebot3_gazebo -DCMAKE_INSTALL_PREFIX=/home/jaehyun/turtlebot3_ws/install/turtlebot3_gazebo
[0.974s] Invoking command in '/home/jaehyun/turtlebot3_ws/build/turtlebot3_gazebo': CMAKE_PREFIX_PATH=${CMAKE_PREFIX_PATH}:/opt/ros/foxy /usr/bin/cmake --build /home/jaehyun/turtlebot3_ws/build/turtlebot3_gazebo -- -j8 -l8
[1.024s] [ 25%] Built target turtlebot3_drive
[1.025s] [ 87%] Built target obstacles
[1.025s] [100%] Built target obstacle1
[1.025s] [100%] Built target obstacle2
[1.032s] Invoked command in '/home/jaehyun/turtlebot3_ws/build/turtlebot3_gazebo' returned '0': CMAKE_PREFIX_PATH=${CMAKE_PREFIX_PATH}:/opt/ros/foxy /usr/bin/cmake --build /home/jaehyun/turtlebot3_ws/build/turtlebot3_gazebo -- -j8 -l8
[1.035s] Invoking command in '/home/jaehyun/turtlebot3_ws/build/turtlebot3_gazebo': CMAKE_PREFIX_PATH=${CMAKE_PREFIX_PATH}:/opt/ros/foxy /usr/bin/cmake --install /home/jaehyun/turtlebot3_ws/build/turtlebot3_gazebo
[1.040s] -- Install configuration: ""
[1.040s] -- Execute custom install script
[1.041s] -- Up-to-date symlink: /home/jaehyun/turtlebot3_ws/install/turtlebot3_gazebo/lib/turtlebot3_gazebo/turtlebot3_drive
[1.041s] -- Up-to-date symlink: /home/jaehyun/turtlebot3_ws/install/turtlebot3_gazebo/share/turtlebot3_gazebo//launch/empty_world.launch.py
[1.041s] -- Up-to-date symlink: /home/jaehyun/turtlebot3_ws/install/turtlebot3_gazebo/share/turtlebot3_gazebo//launch/robot_state_publisher.launch.py
[1.041s] -- Up-to-date symlink: /home/jaehyun/turtlebot3_ws/install/turtlebot3_gazebo/share/turtlebot3_gazebo//launch/turtlebot3_autorace.launch.py
[1.041s] -- Up-to-date symlink: /home/jaehyun/turtlebot3_ws/install/turtlebot3_gazebo/share/turtlebot3_gazebo//launch/turtlebot3_dqn_stage1.launch.py
[1.041s] -- Up-to-date symlink: /home/jaehyun/turtlebot3_ws/install/turtlebot3_gazebo/share/turtlebot3_gazebo//launch/turtlebot3_dqn_stage2.launch.py
[1.041s] -- Up-to-date symlink: /home/jaehyun/turtlebot3_ws/install/turtlebot3_gazebo/share/turtlebot3_gazebo//launch/turtlebot3_dqn_stage3.launch.py
[1.041s] -- Up-to-date symlink: /home/jaehyun/turtlebot3_ws/install/turtlebot3_gazebo/share/turtlebot3_gazebo//launch/turtlebot3_dqn_stage4.launch.py
[1.042s] -- Up-to-date symlink: /home/jaehyun/turtlebot3_ws/install/turtlebot3_gazebo/share/turtlebot3_gazebo//launch/turtlebot3_house.launch.py
[1.042s] -- Up-to-date symlink: /home/jaehyun/turtlebot3_ws/install/turtlebot3_gazebo/share/turtlebot3_gazebo//launch/turtlebot3_world.launch.py
[1.043s] -- Up-to-date symlink: /home/jaehyun/turtlebot3_ws/install/turtlebot3_gazebo/share/turtlebot3_gazebo//models/turtlebot3_autorace/course/materials/scripts/course.material
[1.043s] -- Up-to-date symlink: /home/jaehyun/turtlebot3_ws/install/turtlebot3_gazebo/share/turtlebot3_gazebo//models/turtlebot3_autorace/course/materials/textures/course.png
[1.043s] -- Up-to-date symlink: /home/jaehyun/turtlebot3_ws/install/turtlebot3_gazebo/share/turtlebot3_gazebo//models/turtlebot3_autorace/course/model.config
[1.043s] -- Up-to-date symlink: /home/jaehyun/turtlebot3_ws/install/turtlebot3_gazebo/share/turtlebot3_gazebo//models/turtlebot3_autorace/course/model.sdf
[1.043s] -- Up-to-date symlink: /home/jaehyun/turtlebot3_ws/install/turtlebot3_gazebo/share/turtlebot3_gazebo//models/turtlebot3_autorace/ground/model.config
[1.043s] -- Up-to-date symlink: /home/jaehyun/turtlebot3_ws/install/turtlebot3_gazebo/share/turtlebot3_gazebo//models/turtlebot3_autorace/ground/model.sdf
[1.043s] -- Up-to-date symlink: /home/jaehyun/turtlebot3_ws/install/turtlebot3_gazebo/share/turtlebot3_gazebo//models/turtlebot3_autorace/lights/model.config
[1.043s] -- Up-to-date symlink: /home/jaehyun/turtlebot3_ws/install/turtlebot3_gazebo/share/turtlebot3_gazebo//models/turtlebot3_autorace/lights/model.sdf
[1.043s] -- Up-to-date symlink: /home/jaehyun/turtlebot3_ws/install/turtlebot3_gazebo/share/turtlebot3_gazebo//models/turtlebot3_autorace/model.config
[1.043s] -- Up-to-date symlink: /home/jaehyun/turtlebot3_ws/install/turtlebot3_gazebo/share/turtlebot3_gazebo//models/turtlebot3_autorace/traffic_bar_down/materials/scripts/traffic_bar.material
[1.044s] -- Up-to-date symlink: /home/jaehyun/turtlebot3_ws/install/turtlebot3_gazebo/share/turtlebot3_gazebo//models/turtlebot3_autorace/traffic_bar_down/materials/textures/traffic_bar.png
[1.044s] -- Up-to-date symlink: /home/jaehyun/turtlebot3_ws/install/turtlebot3_gazebo/share/turtlebot3_gazebo//models/turtlebot3_autorace/traffic_bar_down/model.config
[1.044s] -- Up-to-date symlink: /home/jaehyun/turtlebot3_ws/install/turtlebot3_gazebo/share/turtlebot3_gazebo//models/turtlebot3_autorace/traffic_bar_down/model.sdf
[1.044s] -- Up-to-date symlink: /home/jaehyun/turtlebot3_ws/install/turtlebot3_gazebo/share/turtlebot3_gazebo//models/turtlebot3_autorace/traffic_bar_up/materials/scripts/traffic_bar.material
[1.044s] -- Up-to-date symlink: /home/jaehyun/turtlebot3_ws/install/turtlebot3_gazebo/share/turtlebot3_gazebo//models/turtlebot3_autorace/traffic_bar_up/materials/textures/traffic_bar.png
[1.044s] -- Up-to-date symlink: /home/jaehyun/turtlebot3_ws/install/turtlebot3_gazebo/share/turtlebot3_gazebo//models/turtlebot3_autorace/traffic_bar_up/model.config
[1.044s] -- Up-to-date symlink: /home/jaehyun/turtlebot3_ws/install/turtlebot3_gazebo/share/turtlebot3_gazebo//models/turtlebot3_autorace/traffic_bar_up/model.sdf
[1.044s] -- Up-to-date symlink: /home/jaehyun/turtlebot3_ws/install/turtlebot3_gazebo/share/turtlebot3_gazebo//models/turtlebot3_autorace/traffic_light_green/model.config
[1.044s] -- Up-to-date symlink: /home/jaehyun/turtlebot3_ws/install/turtlebot3_gazebo/share/turtlebot3_gazebo//models/turtlebot3_autorace/traffic_light_green/model.sdf
[1.044s] -- Up-to-date symlink: /home/jaehyun/turtlebot3_ws/install/turtlebot3_gazebo/share/turtlebot3_gazebo//models/turtlebot3_autorace/traffic_light_red/model.config
[1.044s] -- Up-to-date symlink: /home/jaehyun/turtlebot3_ws/install/turtlebot3_gazebo/share/turtlebot3_gazebo//models/turtlebot3_autorace/traffic_light_red/model.sdf
[1.045s] -- Up-to-date symlink: /home/jaehyun/turtlebot3_ws/install/turtlebot3_gazebo/share/turtlebot3_gazebo//models/turtlebot3_autorace/traffic_light_yellow/model.config
[1.045s] -- Up-to-date symlink: /home/jaehyun/turtlebot3_ws/install/turtlebot3_gazebo/share/turtlebot3_gazebo//models/turtlebot3_autorace/traffic_light_yellow/model.sdf
[1.045s] -- Up-to-date symlink: /home/jaehyun/turtlebot3_ws/install/turtlebot3_gazebo/share/turtlebot3_gazebo//models/turtlebot3_autorace/traffic_parking/materials/scripts/traffic_parking.material
[1.045s] -- Up-to-date symlink: /home/jaehyun/turtlebot3_ws/install/turtlebot3_gazebo/share/turtlebot3_gazebo//models/turtlebot3_autorace/traffic_parking/materials/textures/traffic_parking.png
[1.045s] -- Up-to-date symlink: /home/jaehyun/turtlebot3_ws/install/turtlebot3_gazebo/share/turtlebot3_gazebo//models/turtlebot3_autorace/traffic_parking/model.config
[1.045s] -- Up-to-date symlink: /home/jaehyun/turtlebot3_ws/install/turtlebot3_gazebo/share/turtlebot3_gazebo//models/turtlebot3_autorace/traffic_parking/model.sdf
[1.045s] -- Up-to-date symlink: /home/jaehyun/turtlebot3_ws/install/turtlebot3_gazebo/share/turtlebot3_gazebo//models/turtlebot3_autorace/traffic_stop/materials/scripts/traffic_stop.material
[1.045s] -- Up-to-date symlink: /home/jaehyun/turtlebot3_ws/install/turtlebot3_gazebo/share/turtlebot3_gazebo//models/turtlebot3_autorace/traffic_stop/materials/textures/traffic_stop.png
[1.045s] -- Up-to-date symlink: /home/jaehyun/turtlebot3_ws/install/turtlebot3_gazebo/share/turtlebot3_gazebo//models/turtlebot3_autorace/traffic_stop/model.config
[1.045s] -- Up-to-date symlink: /home/jaehyun/turtlebot3_ws/install/turtlebot3_gazebo/share/turtlebot3_gazebo//models/turtlebot3_autorace/traffic_stop/model.sdf
[1.045s] -- Up-to-date symlink: /home/jaehyun/turtlebot3_ws/install/turtlebot3_gazebo/share/turtlebot3_gazebo//models/turtlebot3_autorace/traffic_tunnel/materials/scripts/tunnel.material
[1.046s] -- Up-to-date symlink: /home/jaehyun/turtlebot3_ws/install/turtlebot3_gazebo/share/turtlebot3_gazebo//models/turtlebot3_autorace/traffic_tunnel/materials/textures/tunnel.png
[1.046s] -- Up-to-date symlink: /home/jaehyun/turtlebot3_ws/install/turtlebot3_gazebo/share/turtlebot3_gazebo//models/turtlebot3_autorace/traffic_tunnel/model.config
[1.046s] -- Up-to-date symlink: /home/jaehyun/turtlebot3_ws/install/turtlebot3_gazebo/share/turtlebot3_gazebo//models/turtlebot3_autorace/traffic_tunnel/model.sdf
[1.046s] -- Up-to-date symlink: /home/jaehyun/turtlebot3_ws/install/turtlebot3_gazebo/share/turtlebot3_gazebo//models/turtlebot3_autorace/tunnel_obstacles/model.config
[1.046s] -- Up-to-date symlink: /home/jaehyun/turtlebot3_ws/install/turtlebot3_gazebo/share/turtlebot3_gazebo//models/turtlebot3_autorace/tunnel_obstacles/model.sdf
[1.046s] -- Up-to-date symlink: /home/jaehyun/turtlebot3_ws/install/turtlebot3_gazebo/share/turtlebot3_gazebo//models/turtlebot3_autorace/tunnel_wall/model.config
[1.046s] -- Up-to-date symlink: /home/jaehyun/turtlebot3_ws/install/turtlebot3_gazebo/share/turtlebot3_gazebo//models/turtlebot3_autorace/tunnel_wall/model.sdf
[1.046s] -- Up-to-date symlink: /home/jaehyun/turtlebot3_ws/install/turtlebot3_gazebo/share/turtlebot3_gazebo//models/turtlebot3_burger/meshes/burger_base.dae
[1.046s] -- Up-to-date symlink: /home/jaehyun/turtlebot3_ws/install/turtlebot3_gazebo/share/turtlebot3_gazebo//models/turtlebot3_burger/meshes/lds.dae
[1.046s] -- Up-to-date symlink: /home/jaehyun/turtlebot3_ws/install/turtlebot3_gazebo/share/turtlebot3_gazebo//models/turtlebot3_burger/meshes/tire.dae
[1.046s] -- Up-to-date symlink: /home/jaehyun/turtlebot3_ws/install/turtlebot3_gazebo/share/turtlebot3_gazebo//models/turtlebot3_burger/model-1_4.sdf
[1.047s] -- Up-to-date symlink: /home/jaehyun/turtlebot3_ws/install/turtlebot3_gazebo/share/turtlebot3_gazebo//models/turtlebot3_burger/model.config
[1.047s] -- Up-to-date symlink: /home/jaehyun/turtlebot3_ws/install/turtlebot3_gazebo/share/turtlebot3_gazebo//models/turtlebot3_burger/model.sdf
[1.047s] -- Up-to-date symlink: /home/jaehyun/turtlebot3_ws/install/turtlebot3_gazebo/share/turtlebot3_gazebo//models/turtlebot3_dqn_world/goal_box/model.config
[1.047s] -- Up-to-date symlink: /home/jaehyun/turtlebot3_ws/install/turtlebot3_gazebo/share/turtlebot3_gazebo//models/turtlebot3_dqn_world/goal_box/model.sdf
[1.047s] -- Up-to-date symlink: /home/jaehyun/turtlebot3_ws/install/turtlebot3_gazebo/share/turtlebot3_gazebo//models/turtlebot3_dqn_world/inner_walls/model.config
[1.047s] -- Up-to-date symlink: /home/jaehyun/turtlebot3_ws/install/turtlebot3_gazebo/share/turtlebot3_gazebo//models/turtlebot3_dqn_world/inner_walls/model.sdf
[1.047s] -- Up-to-date symlink: /home/jaehyun/turtlebot3_ws/install/turtlebot3_gazebo/share/turtlebot3_gazebo//models/turtlebot3_dqn_world/model.config
[1.047s] -- Up-to-date symlink: /home/jaehyun/turtlebot3_ws/install/turtlebot3_gazebo/share/turtlebot3_gazebo//models/turtlebot3_dqn_world/model.sdf
[1.047s] -- Up-to-date symlink: /home/jaehyun/turtlebot3_ws/install/turtlebot3_gazebo/share/turtlebot3_gazebo//models/turtlebot3_dqn_world/obstacle1/model.config
[1.047s] -- Up-to-date symlink: /home/jaehyun/turtlebot3_ws/install/turtlebot3_gazebo/share/turtlebot3_gazebo//models/turtlebot3_dqn_world/obstacle1/model.sdf
[1.047s] -- Up-to-date symlink: /home/jaehyun/turtlebot3_ws/install/turtlebot3_gazebo/share/turtlebot3_gazebo//models/turtlebot3_dqn_world/obstacle2/model.config
[1.047s] -- Up-to-date symlink: /home/jaehyun/turtlebot3_ws/install/turtlebot3_gazebo/share/turtlebot3_gazebo//models/turtlebot3_dqn_world/obstacle2/model.sdf
[1.048s] -- Up-to-date symlink: /home/jaehyun/turtlebot3_ws/install/turtlebot3_gazebo/share/turtlebot3_gazebo//models/turtlebot3_dqn_world/obstacle_plugin/CMakeLists.txt
[1.048s] -- Up-to-date symlink: /home/jaehyun/turtlebot3_ws/install/turtlebot3_gazebo/share/turtlebot3_gazebo//models/turtlebot3_dqn_world/obstacle_plugin/obstacle1.cc
[1.048s] -- Up-to-date symlink: /home/jaehyun/turtlebot3_ws/install/turtlebot3_gazebo/share/turtlebot3_gazebo//models/turtlebot3_dqn_world/obstacle_plugin/obstacle2.cc
[1.048s] -- Up-to-date symlink: /home/jaehyun/turtlebot3_ws/install/turtlebot3_gazebo/share/turtlebot3_gazebo//models/turtlebot3_dqn_world/obstacle_plugin/obstacles.cc
[1.048s] -- Up-to-date symlink: /home/jaehyun/turtlebot3_ws/install/turtlebot3_gazebo/share/turtlebot3_gazebo//models/turtlebot3_dqn_world/obstacles/model.config
[1.048s] -- Up-to-date symlink: /home/jaehyun/turtlebot3_ws/install/turtlebot3_gazebo/share/turtlebot3_gazebo//models/turtlebot3_dqn_world/obstacles/model.sdf
[1.048s] -- Up-to-date symlink: /home/jaehyun/turtlebot3_ws/install/turtlebot3_gazebo/share/turtlebot3_gazebo//models/turtlebot3_house/model.config
[1.048s] -- Up-to-date symlink: /home/jaehyun/turtlebot3_ws/install/turtlebot3_gazebo/share/turtlebot3_gazebo//models/turtlebot3_house/model.sdf
[1.048s] -- Up-to-date symlink: /home/jaehyun/turtlebot3_ws/install/turtlebot3_gazebo/share/turtlebot3_gazebo//models/turtlebot3_waffle/meshes/lds.dae
[1.048s] -- Up-to-date symlink: /home/jaehyun/turtlebot3_ws/install/turtlebot3_gazebo/share/turtlebot3_gazebo//models/turtlebot3_waffle/meshes/r200.dae
[1.048s] -- Up-to-date symlink: /home/jaehyun/turtlebot3_ws/install/turtlebot3_gazebo/share/turtlebot3_gazebo//models/turtlebot3_waffle/meshes/tire.dae
[1.048s] -- Up-to-date symlink: /home/jaehyun/turtlebot3_ws/install/turtlebot3_gazebo/share/turtlebot3_gazebo//models/turtlebot3_waffle/meshes/waffle_base.dae
[1.049s] -- Up-to-date symlink: /home/jaehyun/turtlebot3_ws/install/turtlebot3_gazebo/share/turtlebot3_gazebo//models/turtlebot3_waffle/model-1_4.sdf
[1.049s] -- Up-to-date symlink: /home/jaehyun/turtlebot3_ws/install/turtlebot3_gazebo/share/turtlebot3_gazebo//models/turtlebot3_waffle/model.config
[1.049s] -- Up-to-date symlink: /home/jaehyun/turtlebot3_ws/install/turtlebot3_gazebo/share/turtlebot3_gazebo//models/turtlebot3_waffle/model.sdf
[1.049s] -- Up-to-date symlink: /home/jaehyun/turtlebot3_ws/install/turtlebot3_gazebo/share/turtlebot3_gazebo//models/turtlebot3_waffle_pi/meshes/lds.dae
[1.049s] -- Up-to-date symlink: /home/jaehyun/turtlebot3_ws/install/turtlebot3_gazebo/share/turtlebot3_gazebo//models/turtlebot3_waffle_pi/meshes/tire.dae
[1.049s] -- Up-to-date symlink: /home/jaehyun/turtlebot3_ws/install/turtlebot3_gazebo/share/turtlebot3_gazebo//models/turtlebot3_waffle_pi/meshes/waffle_pi_base.dae
[1.049s] -- Up-to-date symlink: /home/jaehyun/turtlebot3_ws/install/turtlebot3_gazebo/share/turtlebot3_gazebo//models/turtlebot3_waffle_pi/model-1_4_.sdf
[1.049s] -- Up-to-date symlink: /home/jaehyun/turtlebot3_ws/install/turtlebot3_gazebo/share/turtlebot3_gazebo//models/turtlebot3_waffle_pi/model.config
[1.049s] -- Up-to-date symlink: /home/jaehyun/turtlebot3_ws/install/turtlebot3_gazebo/share/turtlebot3_gazebo//models/turtlebot3_waffle_pi/model.sdf
[1.049s] -- Up-to-date symlink: /home/jaehyun/turtlebot3_ws/install/turtlebot3_gazebo/share/turtlebot3_gazebo//models/turtlebot3_world/meshes/hexagon.dae
[1.049s] -- Up-to-date symlink: /home/jaehyun/turtlebot3_ws/install/turtlebot3_gazebo/share/turtlebot3_gazebo//models/turtlebot3_world/meshes/wall.dae
[1.050s] -- Up-to-date symlink: /home/jaehyun/turtlebot3_ws/install/turtlebot3_gazebo/share/turtlebot3_gazebo//models/turtlebot3_world/model-1_4.sdf
[1.050s] -- Up-to-date symlink: /home/jaehyun/turtlebot3_ws/install/turtlebot3_gazebo/share/turtlebot3_gazebo//models/turtlebot3_world/model.config
[1.050s] -- Up-to-date symlink: /home/jaehyun/turtlebot3_ws/install/turtlebot3_gazebo/share/turtlebot3_gazebo//models/turtlebot3_world/model.sdf
[1.050s] -- Up-to-date symlink: /home/jaehyun/turtlebot3_ws/install/turtlebot3_gazebo/share/turtlebot3_gazebo//rviz/tb3_gazebo.rviz
[1.050s] -- Up-to-date symlink: /home/jaehyun/turtlebot3_ws/install/turtlebot3_gazebo/share/turtlebot3_gazebo//worlds/empty_worlds/burger.model
[1.050s] -- Up-to-date symlink: /home/jaehyun/turtlebot3_ws/install/turtlebot3_gazebo/share/turtlebot3_gazebo//worlds/empty_worlds/waffle.model
[1.050s] -- Up-to-date symlink: /home/jaehyun/turtlebot3_ws/install/turtlebot3_gazebo/share/turtlebot3_gazebo//worlds/empty_worlds/waffle_pi.model
[1.051s] -- Up-to-date symlink: /home/jaehyun/turtlebot3_ws/install/turtlebot3_gazebo/share/turtlebot3_gazebo//worlds/turtlebot3_autoraces/burger.model
[1.051s] -- Up-to-date symlink: /home/jaehyun/turtlebot3_ws/install/turtlebot3_gazebo/share/turtlebot3_gazebo//worlds/turtlebot3_autoraces/waffle.model
[1.051s] -- Up-to-date symlink: /home/jaehyun/turtlebot3_ws/install/turtlebot3_gazebo/share/turtlebot3_gazebo//worlds/turtlebot3_autoraces/waffle_pi.model
[1.051s] -- Up-to-date symlink: /home/jaehyun/turtlebot3_ws/install/turtlebot3_gazebo/share/turtlebot3_gazebo//worlds/turtlebot3_dqn_stage1/burger.model
[1.051s] -- Up-to-date symlink: /home/jaehyun/turtlebot3_ws/install/turtlebot3_gazebo/share/turtlebot3_gazebo//worlds/turtlebot3_dqn_stage1/waffle.model
[1.051s] -- Up-to-date symlink: /home/jaehyun/turtlebot3_ws/install/turtlebot3_gazebo/share/turtlebot3_gazebo//worlds/turtlebot3_dqn_stage1/waffle_pi.model
[1.051s] -- Up-to-date symlink: /home/jaehyun/turtlebot3_ws/install/turtlebot3_gazebo/share/turtlebot3_gazebo//worlds/turtlebot3_dqn_stage2/burger.model
[1.051s] -- Up-to-date symlink: /home/jaehyun/turtlebot3_ws/install/turtlebot3_gazebo/share/turtlebot3_gazebo//worlds/turtlebot3_dqn_stage2/waffle.model
[1.051s] -- Up-to-date symlink: /home/jaehyun/turtlebot3_ws/install/turtlebot3_gazebo/share/turtlebot3_gazebo//worlds/turtlebot3_dqn_stage2/waffle_pi.model
[1.051s] -- Up-to-date symlink: /home/jaehyun/turtlebot3_ws/install/turtlebot3_gazebo/share/turtlebot3_gazebo//worlds/turtlebot3_dqn_stage3/burger.model
[1.051s] -- Up-to-date symlink: /home/jaehyun/turtlebot3_ws/install/turtlebot3_gazebo/share/turtlebot3_gazebo//worlds/turtlebot3_dqn_stage3/waffle.model
[1.051s] -- Up-to-date symlink: /home/jaehyun/turtlebot3_ws/install/turtlebot3_gazebo/share/turtlebot3_gazebo//worlds/turtlebot3_dqn_stage3/waffle_pi.model
[1.052s] -- Up-to-date symlink: /home/jaehyun/turtlebot3_ws/install/turtlebot3_gazebo/share/turtlebot3_gazebo//worlds/turtlebot3_dqn_stage4/burger.model
[1.052s] -- Up-to-date symlink: /home/jaehyun/turtlebot3_ws/install/turtlebot3_gazebo/share/turtlebot3_gazebo//worlds/turtlebot3_dqn_stage4/waffle.model
[1.052s] -- Up-to-date symlink: /home/jaehyun/turtlebot3_ws/install/turtlebot3_gazebo/share/turtlebot3_gazebo//worlds/turtlebot3_dqn_stage4/waffle_pi.model
[1.052s] -- Up-to-date symlink: /home/jaehyun/turtlebot3_ws/install/turtlebot3_gazebo/share/turtlebot3_gazebo//worlds/turtlebot3_houses/burger.model
[1.052s] -- Up-to-date symlink: /home/jaehyun/turtlebot3_ws/install/turtlebot3_gazebo/share/turtlebot3_gazebo//worlds/turtlebot3_houses/waffle.model
[1.052s] -- Up-to-date symlink: /home/jaehyun/turtlebot3_ws/install/turtlebot3_gazebo/share/turtlebot3_gazebo//worlds/turtlebot3_houses/waffle_pi.model
[1.052s] -- Up-to-date symlink: /home/jaehyun/turtlebot3_ws/install/turtlebot3_gazebo/share/turtlebot3_gazebo//worlds/turtlebot3_worlds/burger.model
[1.052s] -- Up-to-date symlink: /home/jaehyun/turtlebot3_ws/install/turtlebot3_gazebo/share/turtlebot3_gazebo//worlds/turtlebot3_worlds/waffle.model
[1.052s] -- Up-to-date symlink: /home/jaehyun/turtlebot3_ws/install/turtlebot3_gazebo/share/turtlebot3_gazebo//worlds/turtlebot3_worlds/waffle_pi.model
[1.053s] -- Up-to-date symlink: /home/jaehyun/turtlebot3_ws/install/turtlebot3_gazebo/include//turtlebot3_gazebo/turtlebot3_drive.hpp
[1.053s] -- Up-to-date symlink: /home/jaehyun/turtlebot3_ws/install/turtlebot3_gazebo/share/ament_index/resource_index/package_run_dependencies/turtlebot3_gazebo
[1.053s] -- Up-to-date symlink: /home/jaehyun/turtlebot3_ws/install/turtlebot3_gazebo/share/ament_index/resource_index/parent_prefix_path/turtlebot3_gazebo
[1.053s] -- Up-to-date symlink: /home/jaehyun/turtlebot3_ws/install/turtlebot3_gazebo/share/turtlebot3_gazebo/environment/ament_prefix_path.sh
[1.053s] -- Up-to-date symlink: /home/jaehyun/turtlebot3_ws/install/turtlebot3_gazebo/share/turtlebot3_gazebo/environment/ament_prefix_path.dsv
[1.053s] -- Up-to-date symlink: /home/jaehyun/turtlebot3_ws/install/turtlebot3_gazebo/share/turtlebot3_gazebo/environment/path.sh
[1.053s] -- Up-to-date symlink: /home/jaehyun/turtlebot3_ws/install/turtlebot3_gazebo/share/turtlebot3_gazebo/environment/path.dsv
[1.054s] -- Up-to-date symlink: /home/jaehyun/turtlebot3_ws/install/turtlebot3_gazebo/share/turtlebot3_gazebo/local_setup.bash
[1.054s] -- Up-to-date symlink: /home/jaehyun/turtlebot3_ws/install/turtlebot3_gazebo/share/turtlebot3_gazebo/local_setup.sh
[1.054s] -- Up-to-date symlink: /home/jaehyun/turtlebot3_ws/install/turtlebot3_gazebo/share/turtlebot3_gazebo/local_setup.zsh
[1.054s] -- Up-to-date symlink: /home/jaehyun/turtlebot3_ws/install/turtlebot3_gazebo/share/turtlebot3_gazebo/local_setup.dsv
[1.054s] -- Symlinking: /home/jaehyun/turtlebot3_ws/install/turtlebot3_gazebo/share/turtlebot3_gazebo/package.dsv
[1.060s] -- Up-to-date symlink: /home/jaehyun/turtlebot3_ws/install/turtlebot3_gazebo/share/ament_index/resource_index/packages/turtlebot3_gazebo
[1.060s] -- Up-to-date symlink: /home/jaehyun/turtlebot3_ws/install/turtlebot3_gazebo/share/turtlebot3_gazebo/cmake/ament_cmake_export_include_directories-extras.cmake
[1.061s] -- Up-to-date symlink: /home/jaehyun/turtlebot3_ws/install/turtlebot3_gazebo/share/turtlebot3_gazebo/cmake/ament_cmake_export_dependencies-extras.cmake
[1.061s] -- Up-to-date symlink: /home/jaehyun/turtlebot3_ws/install/turtlebot3_gazebo/share/turtlebot3_gazebo/cmake/turtlebot3_gazeboConfig.cmake
[1.061s] -- Up-to-date symlink: /home/jaehyun/turtlebot3_ws/install/turtlebot3_gazebo/share/turtlebot3_gazebo/cmake/turtlebot3_gazeboConfig-version.cmake
[1.061s] -- Up-to-date symlink: /home/jaehyun/turtlebot3_ws/install/turtlebot3_gazebo/share/turtlebot3_gazebo/package.xml
[1.062s] Invoked command in '/home/jaehyun/turtlebot3_ws/build/turtlebot3_gazebo' returned '0': CMAKE_PREFIX_PATH=${CMAKE_PREFIX_PATH}:/opt/ros/foxy /usr/bin/cmake --install /home/jaehyun/turtlebot3_ws/build/turtlebot3_gazebo
