[0.107s] DEBUG:colcon:Command line arguments: ['/usr/bin/colcon', 'build', '--symlink-install']
[0.107s] DEBUG:colcon:Parsed command line arguments: Namespace(allow_overriding=[], ament_cmake_args=None, base_paths=['.'], build_base='build', catkin_cmake_args=None, catkin_skip_building_tests=False, cmake_args=None, cmake_clean_cache=False, cmake_clean_first=False, cmake_force_configure=False, cmake_target=None, cmake_target_skip_unavailable=False, continue_on_error=False, event_handlers=None, executor='parallel', ignore_user_meta=False, install_base='install', log_base=None, log_level=None, main=<bound method BuildVerb.main of <colcon_core.verb.build.BuildVerb object at 0x7f32a0b35a30>>, merge_install=False, metas=['./colcon.meta'], packages_above=None, packages_above_and_dependencies=None, packages_above_depth=None, packages_end=None, packages_ignore=None, packages_ignore_regex=None, packages_select=None, packages_select_build_failed=False, packages_select_by_dep=None, packages_select_regex=None, packages_select_test_failures=False, packages_skip=None, packages_skip_build_finished=False, packages_skip_by_dep=None, packages_skip_regex=None, packages_skip_test_passed=False, packages_skip_up_to=None, packages_start=None, packages_up_to=None, packages_up_to_regex=None, parallel_workers=8, paths=None, symlink_install=True, test_result_base=None, verb_extension=<colcon_core.verb.build.BuildVerb object at 0x7f32a0b35a30>, verb_name='build', verb_parser=<colcon_defaults.argument_parser.defaults.DefaultArgumentsDecorator object at 0x7f32a0b35f70>)
[0.192s] Level 1:colcon.colcon_core.package_discovery:discover_packages(colcon_meta) check parameters
[0.192s] Level 1:colcon.colcon_core.package_discovery:discover_packages(recursive) check parameters
[0.192s] Level 1:colcon.colcon_core.package_discovery:discover_packages(ignore) check parameters
[0.192s] Level 1:colcon.colcon_core.package_discovery:discover_packages(path) check parameters
[0.192s] Level 1:colcon.colcon_core.package_discovery:discover_packages(colcon_meta) discover
[0.192s] Level 1:colcon.colcon_core.package_discovery:discover_packages(recursive) discover
[0.192s] INFO:colcon.colcon_core.package_discovery:Crawling recursively for packages in '/home/jaehyun/turtlebot3_ws'
[0.192s] Level 1:colcon.colcon_core.package_identification:_identify(.) by extensions ['ignore', 'ignore_ament_install']
[0.192s] Level 1:colcon.colcon_core.package_identification:_identify(.) by extension 'ignore'
[0.192s] Level 1:colcon.colcon_core.package_identification:_identify(.) by extension 'ignore_ament_install'
[0.192s] Level 1:colcon.colcon_core.package_identification:_identify(.) by extensions ['colcon_pkg']
[0.192s] Level 1:colcon.colcon_core.package_identification:_identify(.) by extension 'colcon_pkg'
[0.192s] Level 1:colcon.colcon_core.package_identification:_identify(.) by extensions ['colcon_meta']
[0.192s] Level 1:colcon.colcon_core.package_identification:_identify(.) by extension 'colcon_meta'
[0.192s] Level 1:colcon.colcon_core.package_identification:_identify(.) by extensions ['ros']
[0.192s] Level 1:colcon.colcon_core.package_identification:_identify(.) by extension 'ros'
[0.199s] Level 1:colcon.colcon_core.package_identification:_identify(.) by extensions ['cmake', 'python']
[0.199s] Level 1:colcon.colcon_core.package_identification:_identify(.) by extension 'cmake'
[0.199s] Level 1:colcon.colcon_core.package_identification:_identify(.) by extension 'python'
[0.199s] Level 1:colcon.colcon_core.package_identification:_identify(.) by extensions ['python_setup_py']
[0.199s] Level 1:colcon.colcon_core.package_identification:_identify(.) by extension 'python_setup_py'
[0.199s] Level 1:colcon.colcon_core.package_identification:_identify(build) by extensions ['ignore', 'ignore_ament_install']
[0.199s] Level 1:colcon.colcon_core.package_identification:_identify(build) by extension 'ignore'
[0.199s] Level 1:colcon.colcon_core.package_identification:_identify(build) ignored
[0.199s] Level 1:colcon.colcon_core.package_identification:_identify(install) by extensions ['ignore', 'ignore_ament_install']
[0.199s] Level 1:colcon.colcon_core.package_identification:_identify(install) by extension 'ignore'
[0.199s] Level 1:colcon.colcon_core.package_identification:_identify(install) ignored
[0.199s] Level 1:colcon.colcon_core.package_identification:_identify(log) by extensions ['ignore', 'ignore_ament_install']
[0.199s] Level 1:colcon.colcon_core.package_identification:_identify(log) by extension 'ignore'
[0.199s] Level 1:colcon.colcon_core.package_identification:_identify(log) ignored
[0.199s] Level 1:colcon.colcon_core.package_identification:_identify(src) by extensions ['ignore', 'ignore_ament_install']
[0.199s] Level 1:colcon.colcon_core.package_identification:_identify(src) by extension 'ignore'
[0.199s] Level 1:colcon.colcon_core.package_identification:_identify(src) by extension 'ignore_ament_install'
[0.199s] Level 1:colcon.colcon_core.package_identification:_identify(src) by extensions ['colcon_pkg']
[0.200s] Level 1:colcon.colcon_core.package_identification:_identify(src) by extension 'colcon_pkg'
[0.200s] Level 1:colcon.colcon_core.package_identification:_identify(src) by extensions ['colcon_meta']
[0.200s] Level 1:colcon.colcon_core.package_identification:_identify(src) by extension 'colcon_meta'
[0.200s] Level 1:colcon.colcon_core.package_identification:_identify(src) by extensions ['ros']
[0.200s] Level 1:colcon.colcon_core.package_identification:_identify(src) by extension 'ros'
[0.200s] Level 1:colcon.colcon_core.package_identification:_identify(src) by extensions ['cmake', 'python']
[0.200s] Level 1:colcon.colcon_core.package_identification:_identify(src) by extension 'cmake'
[0.200s] Level 1:colcon.colcon_core.package_identification:_identify(src) by extension 'python'
[0.200s] Level 1:colcon.colcon_core.package_identification:_identify(src) by extensions ['python_setup_py']
[0.200s] Level 1:colcon.colcon_core.package_identification:_identify(src) by extension 'python_setup_py'
[0.200s] Level 1:colcon.colcon_core.package_identification:_identify(src/turtlebot3_simulations) by extensions ['ignore', 'ignore_ament_install']
[0.200s] Level 1:colcon.colcon_core.package_identification:_identify(src/turtlebot3_simulations) by extension 'ignore'
[0.200s] Level 1:colcon.colcon_core.package_identification:_identify(src/turtlebot3_simulations) by extension 'ignore_ament_install'
[0.200s] Level 1:colcon.colcon_core.package_identification:_identify(src/turtlebot3_simulations) by extensions ['colcon_pkg']
[0.200s] Level 1:colcon.colcon_core.package_identification:_identify(src/turtlebot3_simulations) by extension 'colcon_pkg'
[0.200s] Level 1:colcon.colcon_core.package_identification:_identify(src/turtlebot3_simulations) by extensions ['colcon_meta']
[0.200s] Level 1:colcon.colcon_core.package_identification:_identify(src/turtlebot3_simulations) by extension 'colcon_meta'
[0.200s] Level 1:colcon.colcon_core.package_identification:_identify(src/turtlebot3_simulations) by extensions ['ros']
[0.200s] Level 1:colcon.colcon_core.package_identification:_identify(src/turtlebot3_simulations) by extension 'ros'
[0.200s] Level 1:colcon.colcon_core.package_identification:_identify(src/turtlebot3_simulations) by extensions ['cmake', 'python']
[0.200s] Level 1:colcon.colcon_core.package_identification:_identify(src/turtlebot3_simulations) by extension 'cmake'
[0.200s] Level 1:colcon.colcon_core.package_identification:_identify(src/turtlebot3_simulations) by extension 'python'
[0.200s] Level 1:colcon.colcon_core.package_identification:_identify(src/turtlebot3_simulations) by extensions ['python_setup_py']
[0.200s] Level 1:colcon.colcon_core.package_identification:_identify(src/turtlebot3_simulations) by extension 'python_setup_py'
[0.200s] Level 1:colcon.colcon_core.package_identification:_identify(src/turtlebot3_simulations/turtlebot3_fake_node) by extensions ['ignore', 'ignore_ament_install']
[0.200s] Level 1:colcon.colcon_core.package_identification:_identify(src/turtlebot3_simulations/turtlebot3_fake_node) by extension 'ignore'
[0.200s] Level 1:colcon.colcon_core.package_identification:_identify(src/turtlebot3_simulations/turtlebot3_fake_node) by extension 'ignore_ament_install'
[0.200s] Level 1:colcon.colcon_core.package_identification:_identify(src/turtlebot3_simulations/turtlebot3_fake_node) by extensions ['colcon_pkg']
[0.200s] Level 1:colcon.colcon_core.package_identification:_identify(src/turtlebot3_simulations/turtlebot3_fake_node) by extension 'colcon_pkg'
[0.200s] Level 1:colcon.colcon_core.package_identification:_identify(src/turtlebot3_simulations/turtlebot3_fake_node) by extensions ['colcon_meta']
[0.200s] Level 1:colcon.colcon_core.package_identification:_identify(src/turtlebot3_simulations/turtlebot3_fake_node) by extension 'colcon_meta'
[0.200s] Level 1:colcon.colcon_core.package_identification:_identify(src/turtlebot3_simulations/turtlebot3_fake_node) by extensions ['ros']
[0.200s] Level 1:colcon.colcon_core.package_identification:_identify(src/turtlebot3_simulations/turtlebot3_fake_node) by extension 'ros'
[0.211s] DEBUG:colcon.colcon_core.package_identification:Package 'src/turtlebot3_simulations/turtlebot3_fake_node' with type 'ros.ament_cmake' and name 'turtlebot3_fake_node'
[0.212s] Level 1:colcon.colcon_core.package_identification:_identify(src/turtlebot3_simulations/turtlebot3_gazebo) by extensions ['ignore', 'ignore_ament_install']
[0.212s] Level 1:colcon.colcon_core.package_identification:_identify(src/turtlebot3_simulations/turtlebot3_gazebo) by extension 'ignore'
[0.212s] Level 1:colcon.colcon_core.package_identification:_identify(src/turtlebot3_simulations/turtlebot3_gazebo) by extension 'ignore_ament_install'
[0.212s] Level 1:colcon.colcon_core.package_identification:_identify(src/turtlebot3_simulations/turtlebot3_gazebo) by extensions ['colcon_pkg']
[0.212s] Level 1:colcon.colcon_core.package_identification:_identify(src/turtlebot3_simulations/turtlebot3_gazebo) by extension 'colcon_pkg'
[0.212s] Level 1:colcon.colcon_core.package_identification:_identify(src/turtlebot3_simulations/turtlebot3_gazebo) by extensions ['colcon_meta']
[0.212s] Level 1:colcon.colcon_core.package_identification:_identify(src/turtlebot3_simulations/turtlebot3_gazebo) by extension 'colcon_meta'
[0.212s] Level 1:colcon.colcon_core.package_identification:_identify(src/turtlebot3_simulations/turtlebot3_gazebo) by extensions ['ros']
[0.212s] Level 1:colcon.colcon_core.package_identification:_identify(src/turtlebot3_simulations/turtlebot3_gazebo) by extension 'ros'
[0.212s] DEBUG:colcon.colcon_core.package_identification:Package 'src/turtlebot3_simulations/turtlebot3_gazebo' with type 'ros.ament_cmake' and name 'turtlebot3_gazebo'
[0.212s] Level 1:colcon.colcon_core.package_identification:_identify(src/turtlebot3_simulations/turtlebot3_simulations) by extensions ['ignore', 'ignore_ament_install']
[0.213s] Level 1:colcon.colcon_core.package_identification:_identify(src/turtlebot3_simulations/turtlebot3_simulations) by extension 'ignore'
[0.213s] Level 1:colcon.colcon_core.package_identification:_identify(src/turtlebot3_simulations/turtlebot3_simulations) by extension 'ignore_ament_install'
[0.213s] Level 1:colcon.colcon_core.package_identification:_identify(src/turtlebot3_simulations/turtlebot3_simulations) by extensions ['colcon_pkg']
[0.213s] Level 1:colcon.colcon_core.package_identification:_identify(src/turtlebot3_simulations/turtlebot3_simulations) by extension 'colcon_pkg'
[0.213s] Level 1:colcon.colcon_core.package_identification:_identify(src/turtlebot3_simulations/turtlebot3_simulations) by extensions ['colcon_meta']
[0.213s] Level 1:colcon.colcon_core.package_identification:_identify(src/turtlebot3_simulations/turtlebot3_simulations) by extension 'colcon_meta'
[0.213s] Level 1:colcon.colcon_core.package_identification:_identify(src/turtlebot3_simulations/turtlebot3_simulations) by extensions ['ros']
[0.213s] Level 1:colcon.colcon_core.package_identification:_identify(src/turtlebot3_simulations/turtlebot3_simulations) by extension 'ros'
[0.213s] DEBUG:colcon.colcon_core.package_identification:Package 'src/turtlebot3_simulations/turtlebot3_simulations' with type 'ros.ament_cmake' and name 'turtlebot3_simulations'
[0.213s] Level 1:colcon.colcon_core.package_discovery:discover_packages(recursive) using defaults
[0.213s] Level 1:colcon.colcon_core.package_discovery:discover_packages(ignore) discover
[0.213s] Level 1:colcon.colcon_core.package_discovery:discover_packages(ignore) using defaults
[0.213s] Level 1:colcon.colcon_core.package_discovery:discover_packages(path) discover
[0.213s] Level 1:colcon.colcon_core.package_discovery:discover_packages(path) using defaults
[0.223s] Level 1:colcon.colcon_core.package_discovery:discover_packages(prefix_path) check parameters
[0.223s] Level 1:colcon.colcon_core.package_discovery:discover_packages(prefix_path) discover
[0.223s] DEBUG:colcon.colcon_installed_package_information.package_discovery:Found 0 installed packages in /home/jaehyun/colcon_ws/install
[0.224s] DEBUG:colcon.colcon_installed_package_information.package_discovery:Found 334 installed packages in /opt/ros/foxy
[0.225s] Level 1:colcon.colcon_core.package_discovery:discover_packages(prefix_path) using defaults
[0.270s] Level 5:colcon.colcon_core.verb:set package 'turtlebot3_fake_node' build argument 'cmake_args' from command line to 'None'
[0.270s] Level 5:colcon.colcon_core.verb:set package 'turtlebot3_fake_node' build argument 'cmake_target' from command line to 'None'
[0.270s] Level 5:colcon.colcon_core.verb:set package 'turtlebot3_fake_node' build argument 'cmake_target_skip_unavailable' from command line to 'False'
[0.270s] Level 5:colcon.colcon_core.verb:set package 'turtlebot3_fake_node' build argument 'cmake_clean_cache' from command line to 'False'
[0.270s] Level 5:colcon.colcon_core.verb:set package 'turtlebot3_fake_node' build argument 'cmake_clean_first' from command line to 'False'
[0.270s] Level 5:colcon.colcon_core.verb:set package 'turtlebot3_fake_node' build argument 'cmake_force_configure' from command line to 'False'
[0.270s] Level 5:colcon.colcon_core.verb:set package 'turtlebot3_fake_node' build argument 'ament_cmake_args' from command line to 'None'
[0.270s] Level 5:colcon.colcon_core.verb:set package 'turtlebot3_fake_node' build argument 'catkin_cmake_args' from command line to 'None'
[0.270s] Level 5:colcon.colcon_core.verb:set package 'turtlebot3_fake_node' build argument 'catkin_skip_building_tests' from command line to 'False'
[0.270s] DEBUG:colcon.colcon_core.verb:Building package 'turtlebot3_fake_node' with the following arguments: {'ament_cmake_args': None, 'build_base': '/home/jaehyun/turtlebot3_ws/build/turtlebot3_fake_node', 'catkin_cmake_args': None, 'catkin_skip_building_tests': False, 'cmake_args': None, 'cmake_clean_cache': False, 'cmake_clean_first': False, 'cmake_force_configure': False, 'cmake_target': None, 'cmake_target_skip_unavailable': False, 'install_base': '/home/jaehyun/turtlebot3_ws/install/turtlebot3_fake_node', 'merge_install': False, 'path': '/home/jaehyun/turtlebot3_ws/src/turtlebot3_simulations/turtlebot3_fake_node', 'symlink_install': True, 'test_result_base': None}
[0.270s] Level 5:colcon.colcon_core.verb:set package 'turtlebot3_gazebo' build argument 'cmake_args' from command line to 'None'
[0.270s] Level 5:colcon.colcon_core.verb:set package 'turtlebot3_gazebo' build argument 'cmake_target' from command line to 'None'
[0.270s] Level 5:colcon.colcon_core.verb:set package 'turtlebot3_gazebo' build argument 'cmake_target_skip_unavailable' from command line to 'False'
[0.270s] Level 5:colcon.colcon_core.verb:set package 'turtlebot3_gazebo' build argument 'cmake_clean_cache' from command line to 'False'
[0.270s] Level 5:colcon.colcon_core.verb:set package 'turtlebot3_gazebo' build argument 'cmake_clean_first' from command line to 'False'
[0.270s] Level 5:colcon.colcon_core.verb:set package 'turtlebot3_gazebo' build argument 'cmake_force_configure' from command line to 'False'
[0.270s] Level 5:colcon.colcon_core.verb:set package 'turtlebot3_gazebo' build argument 'ament_cmake_args' from command line to 'None'
[0.270s] Level 5:colcon.colcon_core.verb:set package 'turtlebot3_gazebo' build argument 'catkin_cmake_args' from command line to 'None'
[0.270s] Level 5:colcon.colcon_core.verb:set package 'turtlebot3_gazebo' build argument 'catkin_skip_building_tests' from command line to 'False'
[0.270s] DEBUG:colcon.colcon_core.verb:Building package 'turtlebot3_gazebo' with the following arguments: {'ament_cmake_args': None, 'build_base': '/home/jaehyun/turtlebot3_ws/build/turtlebot3_gazebo', 'catkin_cmake_args': None, 'catkin_skip_building_tests': False, 'cmake_args': None, 'cmake_clean_cache': False, 'cmake_clean_first': False, 'cmake_force_configure': False, 'cmake_target': None, 'cmake_target_skip_unavailable': False, 'install_base': '/home/jaehyun/turtlebot3_ws/install/turtlebot3_gazebo', 'merge_install': False, 'path': '/home/jaehyun/turtlebot3_ws/src/turtlebot3_simulations/turtlebot3_gazebo', 'symlink_install': True, 'test_result_base': None}
[0.271s] Level 5:colcon.colcon_core.verb:set package 'turtlebot3_simulations' build argument 'cmake_args' from command line to 'None'
[0.271s] Level 5:colcon.colcon_core.verb:set package 'turtlebot3_simulations' build argument 'cmake_target' from command line to 'None'
[0.271s] Level 5:colcon.colcon_core.verb:set package 'turtlebot3_simulations' build argument 'cmake_target_skip_unavailable' from command line to 'False'
[0.271s] Level 5:colcon.colcon_core.verb:set package 'turtlebot3_simulations' build argument 'cmake_clean_cache' from command line to 'False'
[0.271s] Level 5:colcon.colcon_core.verb:set package 'turtlebot3_simulations' build argument 'cmake_clean_first' from command line to 'False'
[0.271s] Level 5:colcon.colcon_core.verb:set package 'turtlebot3_simulations' build argument 'cmake_force_configure' from command line to 'False'
[0.271s] Level 5:colcon.colcon_core.verb:set package 'turtlebot3_simulations' build argument 'ament_cmake_args' from command line to 'None'
[0.271s] Level 5:colcon.colcon_core.verb:set package 'turtlebot3_simulations' build argument 'catkin_cmake_args' from command line to 'None'
[0.271s] Level 5:colcon.colcon_core.verb:set package 'turtlebot3_simulations' build argument 'catkin_skip_building_tests' from command line to 'False'
[0.271s] DEBUG:colcon.colcon_core.verb:Building package 'turtlebot3_simulations' with the following arguments: {'ament_cmake_args': None, 'build_base': '/home/jaehyun/turtlebot3_ws/build/turtlebot3_simulations', 'catkin_cmake_args': None, 'catkin_skip_building_tests': False, 'cmake_args': None, 'cmake_clean_cache': False, 'cmake_clean_first': False, 'cmake_force_configure': False, 'cmake_target': None, 'cmake_target_skip_unavailable': False, 'install_base': '/home/jaehyun/turtlebot3_ws/install/turtlebot3_simulations', 'merge_install': False, 'path': '/home/jaehyun/turtlebot3_ws/src/turtlebot3_simulations/turtlebot3_simulations', 'symlink_install': True, 'test_result_base': None}
[0.271s] INFO:colcon.colcon_core.executor:Executing jobs using 'parallel' executor
[0.271s] DEBUG:colcon.colcon_parallel_executor.executor.parallel:run_until_complete
[0.272s] INFO:colcon.colcon_ros.task.ament_cmake.build:Building ROS package in '/home/jaehyun/turtlebot3_ws/src/turtlebot3_simulations/turtlebot3_fake_node' with build type 'ament_cmake'
[0.272s] INFO:colcon.colcon_cmake.task.cmake.build:Building CMake package in '/home/jaehyun/turtlebot3_ws/src/turtlebot3_simulations/turtlebot3_fake_node'
[0.273s] INFO:colcon.colcon_core.plugin_system:Skipping extension 'colcon_core.shell.bat': Not used on non-Windows systems
[0.273s] INFO:colcon.colcon_core.shell:Skip shell extension 'powershell' for command environment: Not usable outside of PowerShell
[0.273s] DEBUG:colcon.colcon_core.shell:Skip shell extension 'dsv' for command environment
[0.276s] INFO:colcon.colcon_ros.task.ament_cmake.build:Building ROS package in '/home/jaehyun/turtlebot3_ws/src/turtlebot3_simulations/turtlebot3_gazebo' with build type 'ament_cmake'
[0.277s] INFO:colcon.colcon_cmake.task.cmake.build:Building CMake package in '/home/jaehyun/turtlebot3_ws/src/turtlebot3_simulations/turtlebot3_gazebo'
[0.277s] INFO:colcon.colcon_core.shell:Skip shell extension 'powershell' for command environment: Not usable outside of PowerShell
[0.277s] DEBUG:colcon.colcon_core.shell:Skip shell extension 'dsv' for command environment
[0.284s] DEBUG:colcon.colcon_core.event_handler.log_command:Invoking command in '/home/jaehyun/turtlebot3_ws/build/turtlebot3_fake_node': CMAKE_PREFIX_PATH=/opt/ros/foxy /usr/bin/cmake /home/jaehyun/turtlebot3_ws/src/turtlebot3_simulations/turtlebot3_fake_node -DAMENT_CMAKE_SYMLINK_INSTALL=1 -DCMAKE_INSTALL_PREFIX=/home/jaehyun/turtlebot3_ws/install/turtlebot3_fake_node
[0.288s] DEBUG:colcon.colcon_core.event_handler.log_command:Invoking command in '/home/jaehyun/turtlebot3_ws/build/turtlebot3_gazebo': CMAKE_PREFIX_PATH=/opt/ros/foxy /usr/bin/cmake /home/jaehyun/turtlebot3_ws/src/turtlebot3_simulations/turtlebot3_gazebo -DAMENT_CMAKE_SYMLINK_INSTALL=1 -DCMAKE_INSTALL_PREFIX=/home/jaehyun/turtlebot3_ws/install/turtlebot3_gazebo
[1.613s] DEBUG:colcon.colcon_core.event_handler.log_command:Invoked command in '/home/jaehyun/turtlebot3_ws/build/turtlebot3_fake_node' returned '0': CMAKE_PREFIX_PATH=/opt/ros/foxy /usr/bin/cmake /home/jaehyun/turtlebot3_ws/src/turtlebot3_simulations/turtlebot3_fake_node -DAMENT_CMAKE_SYMLINK_INSTALL=1 -DCMAKE_INSTALL_PREFIX=/home/jaehyun/turtlebot3_ws/install/turtlebot3_fake_node
[1.615s] DEBUG:colcon.colcon_core.event_handler.log_command:Invoking command in '/home/jaehyun/turtlebot3_ws/build/turtlebot3_fake_node': CMAKE_PREFIX_PATH=/opt/ros/foxy /usr/bin/cmake --build /home/jaehyun/turtlebot3_ws/build/turtlebot3_fake_node -- -j8 -l8
[2.091s] DEBUG:colcon.colcon_core.event_handler.log_command:Invoked command in '/home/jaehyun/turtlebot3_ws/build/turtlebot3_gazebo' returned '0': CMAKE_PREFIX_PATH=/opt/ros/foxy /usr/bin/cmake /home/jaehyun/turtlebot3_ws/src/turtlebot3_simulations/turtlebot3_gazebo -DAMENT_CMAKE_SYMLINK_INSTALL=1 -DCMAKE_INSTALL_PREFIX=/home/jaehyun/turtlebot3_ws/install/turtlebot3_gazebo
[2.092s] DEBUG:colcon.colcon_core.event_handler.log_command:Invoking command in '/home/jaehyun/turtlebot3_ws/build/turtlebot3_gazebo': CMAKE_PREFIX_PATH=/opt/ros/foxy /usr/bin/cmake --build /home/jaehyun/turtlebot3_ws/build/turtlebot3_gazebo -- -j8 -l8
[6.440s] DEBUG:colcon.colcon_core.event_handler.log_command:Invoked command in '/home/jaehyun/turtlebot3_ws/build/turtlebot3_fake_node' returned '0': CMAKE_PREFIX_PATH=/opt/ros/foxy /usr/bin/cmake --build /home/jaehyun/turtlebot3_ws/build/turtlebot3_fake_node -- -j8 -l8
[6.451s] DEBUG:colcon.colcon_core.event_handler.log_command:Invoking command in '/home/jaehyun/turtlebot3_ws/build/turtlebot3_fake_node': CMAKE_PREFIX_PATH=/opt/ros/foxy /usr/bin/cmake --install /home/jaehyun/turtlebot3_ws/build/turtlebot3_fake_node
[6.623s] Level 1:colcon.colcon_core.environment:create_environment_scripts_only(turtlebot3_fake_node)
[6.624s] DEBUG:colcon.colcon_core.event_handler.log_command:Invoked command in '/home/jaehyun/turtlebot3_ws/build/turtlebot3_fake_node' returned '0': CMAKE_PREFIX_PATH=/opt/ros/foxy /usr/bin/cmake --install /home/jaehyun/turtlebot3_ws/build/turtlebot3_fake_node
[6.625s] Level 1:colcon.colcon_core.environment:checking '/home/jaehyun/turtlebot3_ws/install/turtlebot3_fake_node' for CMake module files
[6.626s] Level 1:colcon.colcon_core.environment:checking '/home/jaehyun/turtlebot3_ws/install/turtlebot3_fake_node' for CMake config files
[6.626s] Level 1:colcon.colcon_core.shell:create_environment_hook('turtlebot3_fake_node', 'cmake_prefix_path')
[6.626s] INFO:colcon.colcon_core.shell:Creating environment hook '/home/jaehyun/turtlebot3_ws/install/turtlebot3_fake_node/share/turtlebot3_fake_node/hook/cmake_prefix_path.ps1'
[6.627s] INFO:colcon.colcon_core.shell:Creating environment descriptor '/home/jaehyun/turtlebot3_ws/install/turtlebot3_fake_node/share/turtlebot3_fake_node/hook/cmake_prefix_path.dsv'
[6.627s] INFO:colcon.colcon_core.shell:Creating environment hook '/home/jaehyun/turtlebot3_ws/install/turtlebot3_fake_node/share/turtlebot3_fake_node/hook/cmake_prefix_path.sh'
[6.628s] Level 1:colcon.colcon_core.environment:checking '/home/jaehyun/turtlebot3_ws/install/turtlebot3_fake_node/lib'
[6.628s] Level 1:colcon.colcon_core.environment:checking '/home/jaehyun/turtlebot3_ws/install/turtlebot3_fake_node/bin'
[6.628s] Level 1:colcon.colcon_core.environment:checking '/home/jaehyun/turtlebot3_ws/install/turtlebot3_fake_node/lib/pkgconfig/turtlebot3_fake_node.pc'
[6.628s] Level 1:colcon.colcon_core.environment:checking '/home/jaehyun/turtlebot3_ws/install/turtlebot3_fake_node/lib/python3.8/site-packages'
[6.628s] Level 1:colcon.colcon_core.environment:checking '/home/jaehyun/turtlebot3_ws/install/turtlebot3_fake_node/bin'
[6.628s] INFO:colcon.colcon_core.shell:Creating package script '/home/jaehyun/turtlebot3_ws/install/turtlebot3_fake_node/share/turtlebot3_fake_node/package.ps1'
[6.629s] INFO:colcon.colcon_core.shell:Creating package descriptor '/home/jaehyun/turtlebot3_ws/install/turtlebot3_fake_node/share/turtlebot3_fake_node/package.dsv'
[6.629s] INFO:colcon.colcon_core.shell:Creating package script '/home/jaehyun/turtlebot3_ws/install/turtlebot3_fake_node/share/turtlebot3_fake_node/package.sh'
[6.630s] INFO:colcon.colcon_core.shell:Creating package script '/home/jaehyun/turtlebot3_ws/install/turtlebot3_fake_node/share/turtlebot3_fake_node/package.bash'
[6.630s] INFO:colcon.colcon_core.shell:Creating package script '/home/jaehyun/turtlebot3_ws/install/turtlebot3_fake_node/share/turtlebot3_fake_node/package.zsh'
[6.631s] Level 1:colcon.colcon_core.environment:create_file_with_runtime_dependencies(/home/jaehyun/turtlebot3_ws/install/turtlebot3_fake_node/share/colcon-core/packages/turtlebot3_fake_node)
[6.631s] Level 1:colcon.colcon_core.environment:create_environment_scripts_only(turtlebot3_fake_node)
[6.631s] Level 1:colcon.colcon_core.environment:checking '/home/jaehyun/turtlebot3_ws/install/turtlebot3_fake_node' for CMake module files
[6.632s] Level 1:colcon.colcon_core.environment:checking '/home/jaehyun/turtlebot3_ws/install/turtlebot3_fake_node' for CMake config files
[6.632s] Level 1:colcon.colcon_core.shell:create_environment_hook('turtlebot3_fake_node', 'cmake_prefix_path')
[6.632s] INFO:colcon.colcon_core.shell:Creating environment hook '/home/jaehyun/turtlebot3_ws/install/turtlebot3_fake_node/share/turtlebot3_fake_node/hook/cmake_prefix_path.ps1'
[6.632s] INFO:colcon.colcon_core.shell:Creating environment descriptor '/home/jaehyun/turtlebot3_ws/install/turtlebot3_fake_node/share/turtlebot3_fake_node/hook/cmake_prefix_path.dsv'
[6.633s] INFO:colcon.colcon_core.shell:Creating environment hook '/home/jaehyun/turtlebot3_ws/install/turtlebot3_fake_node/share/turtlebot3_fake_node/hook/cmake_prefix_path.sh'
[6.633s] Level 1:colcon.colcon_core.environment:checking '/home/jaehyun/turtlebot3_ws/install/turtlebot3_fake_node/lib'
[6.633s] Level 1:colcon.colcon_core.environment:checking '/home/jaehyun/turtlebot3_ws/install/turtlebot3_fake_node/bin'
[6.633s] Level 1:colcon.colcon_core.environment:checking '/home/jaehyun/turtlebot3_ws/install/turtlebot3_fake_node/lib/pkgconfig/turtlebot3_fake_node.pc'
[6.633s] Level 1:colcon.colcon_core.environment:checking '/home/jaehyun/turtlebot3_ws/install/turtlebot3_fake_node/lib/python3.8/site-packages'
[6.633s] Level 1:colcon.colcon_core.environment:checking '/home/jaehyun/turtlebot3_ws/install/turtlebot3_fake_node/bin'
[6.634s] INFO:colcon.colcon_core.shell:Creating package script '/home/jaehyun/turtlebot3_ws/install/turtlebot3_fake_node/share/turtlebot3_fake_node/package.ps1'
[6.634s] INFO:colcon.colcon_core.shell:Creating package descriptor '/home/jaehyun/turtlebot3_ws/install/turtlebot3_fake_node/share/turtlebot3_fake_node/package.dsv'
[6.634s] INFO:colcon.colcon_core.shell:Creating package script '/home/jaehyun/turtlebot3_ws/install/turtlebot3_fake_node/share/turtlebot3_fake_node/package.sh'
[6.634s] INFO:colcon.colcon_core.shell:Creating package script '/home/jaehyun/turtlebot3_ws/install/turtlebot3_fake_node/share/turtlebot3_fake_node/package.bash'
[6.635s] INFO:colcon.colcon_core.shell:Creating package script '/home/jaehyun/turtlebot3_ws/install/turtlebot3_fake_node/share/turtlebot3_fake_node/package.zsh'
[6.635s] Level 1:colcon.colcon_core.environment:create_file_with_runtime_dependencies(/home/jaehyun/turtlebot3_ws/install/turtlebot3_fake_node/share/colcon-core/packages/turtlebot3_fake_node)
[10.555s] DEBUG:colcon.colcon_core.event_handler.log_command:Invoked command in '/home/jaehyun/turtlebot3_ws/build/turtlebot3_gazebo' returned '0': CMAKE_PREFIX_PATH=/opt/ros/foxy /usr/bin/cmake --build /home/jaehyun/turtlebot3_ws/build/turtlebot3_gazebo -- -j8 -l8
[10.557s] DEBUG:colcon.colcon_core.event_handler.log_command:Invoking command in '/home/jaehyun/turtlebot3_ws/build/turtlebot3_gazebo': CMAKE_PREFIX_PATH=/opt/ros/foxy /usr/bin/cmake --install /home/jaehyun/turtlebot3_ws/build/turtlebot3_gazebo
[11.281s] Level 1:colcon.colcon_core.environment:create_environment_scripts_only(turtlebot3_gazebo)
[11.281s] Level 1:colcon.colcon_core.environment:checking '/home/jaehyun/turtlebot3_ws/install/turtlebot3_gazebo' for CMake module files
[11.282s] DEBUG:colcon.colcon_core.event_handler.log_command:Invoked command in '/home/jaehyun/turtlebot3_ws/build/turtlebot3_gazebo' returned '0': CMAKE_PREFIX_PATH=/opt/ros/foxy /usr/bin/cmake --install /home/jaehyun/turtlebot3_ws/build/turtlebot3_gazebo
[11.282s] Level 1:colcon.colcon_core.environment:checking '/home/jaehyun/turtlebot3_ws/install/turtlebot3_gazebo' for CMake config files
[11.282s] Level 1:colcon.colcon_core.shell:create_environment_hook('turtlebot3_gazebo', 'cmake_prefix_path')
[11.282s] INFO:colcon.colcon_core.shell:Creating environment hook '/home/jaehyun/turtlebot3_ws/install/turtlebot3_gazebo/share/turtlebot3_gazebo/hook/cmake_prefix_path.ps1'
[11.283s] INFO:colcon.colcon_core.shell:Creating environment descriptor '/home/jaehyun/turtlebot3_ws/install/turtlebot3_gazebo/share/turtlebot3_gazebo/hook/cmake_prefix_path.dsv'
[11.283s] INFO:colcon.colcon_core.shell:Creating environment hook '/home/jaehyun/turtlebot3_ws/install/turtlebot3_gazebo/share/turtlebot3_gazebo/hook/cmake_prefix_path.sh'
[11.283s] Level 1:colcon.colcon_core.environment:checking '/home/jaehyun/turtlebot3_ws/install/turtlebot3_gazebo/lib'
[11.283s] Level 1:colcon.colcon_core.environment:checking '/home/jaehyun/turtlebot3_ws/install/turtlebot3_gazebo/bin'
[11.283s] Level 1:colcon.colcon_core.environment:checking '/home/jaehyun/turtlebot3_ws/install/turtlebot3_gazebo/lib/pkgconfig/turtlebot3_gazebo.pc'
[11.283s] Level 1:colcon.colcon_core.environment:checking '/home/jaehyun/turtlebot3_ws/install/turtlebot3_gazebo/lib/python3.8/site-packages'
[11.284s] Level 1:colcon.colcon_core.environment:checking '/home/jaehyun/turtlebot3_ws/install/turtlebot3_gazebo/bin'
[11.284s] INFO:colcon.colcon_core.shell:Creating package script '/home/jaehyun/turtlebot3_ws/install/turtlebot3_gazebo/share/turtlebot3_gazebo/package.ps1'
[11.284s] INFO:colcon.colcon_core.shell:Creating package descriptor '/home/jaehyun/turtlebot3_ws/install/turtlebot3_gazebo/share/turtlebot3_gazebo/package.dsv'
[11.284s] INFO:colcon.colcon_core.shell:Creating package script '/home/jaehyun/turtlebot3_ws/install/turtlebot3_gazebo/share/turtlebot3_gazebo/package.sh'
[11.284s] INFO:colcon.colcon_core.shell:Creating package script '/home/jaehyun/turtlebot3_ws/install/turtlebot3_gazebo/share/turtlebot3_gazebo/package.bash'
[11.285s] INFO:colcon.colcon_core.shell:Creating package script '/home/jaehyun/turtlebot3_ws/install/turtlebot3_gazebo/share/turtlebot3_gazebo/package.zsh'
[11.285s] Level 1:colcon.colcon_core.environment:create_file_with_runtime_dependencies(/home/jaehyun/turtlebot3_ws/install/turtlebot3_gazebo/share/colcon-core/packages/turtlebot3_gazebo)
[11.285s] Level 1:colcon.colcon_core.environment:create_environment_scripts_only(turtlebot3_gazebo)
[11.285s] Level 1:colcon.colcon_core.environment:checking '/home/jaehyun/turtlebot3_ws/install/turtlebot3_gazebo' for CMake module files
[11.286s] Level 1:colcon.colcon_core.environment:checking '/home/jaehyun/turtlebot3_ws/install/turtlebot3_gazebo' for CMake config files
[11.286s] Level 1:colcon.colcon_core.shell:create_environment_hook('turtlebot3_gazebo', 'cmake_prefix_path')
[11.286s] INFO:colcon.colcon_core.shell:Creating environment hook '/home/jaehyun/turtlebot3_ws/install/turtlebot3_gazebo/share/turtlebot3_gazebo/hook/cmake_prefix_path.ps1'
[11.286s] INFO:colcon.colcon_core.shell:Creating environment descriptor '/home/jaehyun/turtlebot3_ws/install/turtlebot3_gazebo/share/turtlebot3_gazebo/hook/cmake_prefix_path.dsv'
[11.286s] INFO:colcon.colcon_core.shell:Creating environment hook '/home/jaehyun/turtlebot3_ws/install/turtlebot3_gazebo/share/turtlebot3_gazebo/hook/cmake_prefix_path.sh'
[11.287s] Level 1:colcon.colcon_core.environment:checking '/home/jaehyun/turtlebot3_ws/install/turtlebot3_gazebo/lib'
[11.287s] Level 1:colcon.colcon_core.environment:checking '/home/jaehyun/turtlebot3_ws/install/turtlebot3_gazebo/bin'
[11.287s] Level 1:colcon.colcon_core.environment:checking '/home/jaehyun/turtlebot3_ws/install/turtlebot3_gazebo/lib/pkgconfig/turtlebot3_gazebo.pc'
[11.287s] Level 1:colcon.colcon_core.environment:checking '/home/jaehyun/turtlebot3_ws/install/turtlebot3_gazebo/lib/python3.8/site-packages'
[11.287s] Level 1:colcon.colcon_core.environment:checking '/home/jaehyun/turtlebot3_ws/install/turtlebot3_gazebo/bin'
[11.287s] INFO:colcon.colcon_core.shell:Creating package script '/home/jaehyun/turtlebot3_ws/install/turtlebot3_gazebo/share/turtlebot3_gazebo/package.ps1'
[11.287s] INFO:colcon.colcon_core.shell:Creating package descriptor '/home/jaehyun/turtlebot3_ws/install/turtlebot3_gazebo/share/turtlebot3_gazebo/package.dsv'
[11.288s] INFO:colcon.colcon_core.shell:Creating package script '/home/jaehyun/turtlebot3_ws/install/turtlebot3_gazebo/share/turtlebot3_gazebo/package.sh'
[11.288s] INFO:colcon.colcon_core.shell:Creating package script '/home/jaehyun/turtlebot3_ws/install/turtlebot3_gazebo/share/turtlebot3_gazebo/package.bash'
[11.288s] INFO:colcon.colcon_core.shell:Creating package script '/home/jaehyun/turtlebot3_ws/install/turtlebot3_gazebo/share/turtlebot3_gazebo/package.zsh'
[11.288s] Level 1:colcon.colcon_core.environment:create_file_with_runtime_dependencies(/home/jaehyun/turtlebot3_ws/install/turtlebot3_gazebo/share/colcon-core/packages/turtlebot3_gazebo)
[11.288s] INFO:colcon.colcon_ros.task.ament_cmake.build:Building ROS package in '/home/jaehyun/turtlebot3_ws/src/turtlebot3_simulations/turtlebot3_simulations' with build type 'ament_cmake'
[11.289s] INFO:colcon.colcon_cmake.task.cmake.build:Building CMake package in '/home/jaehyun/turtlebot3_ws/src/turtlebot3_simulations/turtlebot3_simulations'
[11.289s] INFO:colcon.colcon_core.shell:Skip shell extension 'powershell' for command environment: Not usable outside of PowerShell
[11.289s] DEBUG:colcon.colcon_core.shell:Skip shell extension 'dsv' for command environment
[11.296s] DEBUG:colcon.colcon_core.event_handler.log_command:Invoking command in '/home/jaehyun/turtlebot3_ws/build/turtlebot3_simulations': AMENT_PREFIX_PATH=/home/jaehyun/turtlebot3_ws/install/turtlebot3_gazebo:/home/jaehyun/turtlebot3_ws/install/turtlebot3_fake_node:${AMENT_PREFIX_PATH} CMAKE_PREFIX_PATH=/home/jaehyun/turtlebot3_ws/install/turtlebot3_gazebo:/home/jaehyun/turtlebot3_ws/install/turtlebot3_fake_node:/opt/ros/foxy /usr/bin/cmake /home/jaehyun/turtlebot3_ws/src/turtlebot3_simulations/turtlebot3_simulations -DAMENT_CMAKE_SYMLINK_INSTALL=1 -DCMAKE_INSTALL_PREFIX=/home/jaehyun/turtlebot3_ws/install/turtlebot3_simulations
[11.769s] DEBUG:colcon.colcon_core.event_handler.log_command:Invoked command in '/home/jaehyun/turtlebot3_ws/build/turtlebot3_simulations' returned '0': AMENT_PREFIX_PATH=/home/jaehyun/turtlebot3_ws/install/turtlebot3_gazebo:/home/jaehyun/turtlebot3_ws/install/turtlebot3_fake_node:${AMENT_PREFIX_PATH} CMAKE_PREFIX_PATH=/home/jaehyun/turtlebot3_ws/install/turtlebot3_gazebo:/home/jaehyun/turtlebot3_ws/install/turtlebot3_fake_node:/opt/ros/foxy /usr/bin/cmake /home/jaehyun/turtlebot3_ws/src/turtlebot3_simulations/turtlebot3_simulations -DAMENT_CMAKE_SYMLINK_INSTALL=1 -DCMAKE_INSTALL_PREFIX=/home/jaehyun/turtlebot3_ws/install/turtlebot3_simulations
[11.770s] DEBUG:colcon.colcon_core.event_handler.log_command:Invoking command in '/home/jaehyun/turtlebot3_ws/build/turtlebot3_simulations': AMENT_PREFIX_PATH=/home/jaehyun/turtlebot3_ws/install/turtlebot3_gazebo:/home/jaehyun/turtlebot3_ws/install/turtlebot3_fake_node:${AMENT_PREFIX_PATH} CMAKE_PREFIX_PATH=/home/jaehyun/turtlebot3_ws/install/turtlebot3_gazebo:/home/jaehyun/turtlebot3_ws/install/turtlebot3_fake_node:/opt/ros/foxy /usr/bin/cmake --build /home/jaehyun/turtlebot3_ws/build/turtlebot3_simulations -- -j8 -l8
[11.798s] DEBUG:colcon.colcon_core.event_handler.log_command:Invoked command in '/home/jaehyun/turtlebot3_ws/build/turtlebot3_simulations' returned '0': AMENT_PREFIX_PATH=/home/jaehyun/turtlebot3_ws/install/turtlebot3_gazebo:/home/jaehyun/turtlebot3_ws/install/turtlebot3_fake_node:${AMENT_PREFIX_PATH} CMAKE_PREFIX_PATH=/home/jaehyun/turtlebot3_ws/install/turtlebot3_gazebo:/home/jaehyun/turtlebot3_ws/install/turtlebot3_fake_node:/opt/ros/foxy /usr/bin/cmake --build /home/jaehyun/turtlebot3_ws/build/turtlebot3_simulations -- -j8 -l8
[11.800s] DEBUG:colcon.colcon_core.event_handler.log_command:Invoking command in '/home/jaehyun/turtlebot3_ws/build/turtlebot3_simulations': AMENT_PREFIX_PATH=/home/jaehyun/turtlebot3_ws/install/turtlebot3_gazebo:/home/jaehyun/turtlebot3_ws/install/turtlebot3_fake_node:${AMENT_PREFIX_PATH} CMAKE_PREFIX_PATH=/home/jaehyun/turtlebot3_ws/install/turtlebot3_gazebo:/home/jaehyun/turtlebot3_ws/install/turtlebot3_fake_node:/opt/ros/foxy /usr/bin/cmake --install /home/jaehyun/turtlebot3_ws/build/turtlebot3_simulations
[11.905s] Level 1:colcon.colcon_core.environment:create_environment_scripts_only(turtlebot3_simulations)
[11.906s] Level 1:colcon.colcon_core.environment:checking '/home/jaehyun/turtlebot3_ws/install/turtlebot3_simulations' for CMake module files
[11.906s] DEBUG:colcon.colcon_core.event_handler.log_command:Invoked command in '/home/jaehyun/turtlebot3_ws/build/turtlebot3_simulations' returned '0': AMENT_PREFIX_PATH=/home/jaehyun/turtlebot3_ws/install/turtlebot3_gazebo:/home/jaehyun/turtlebot3_ws/install/turtlebot3_fake_node:${AMENT_PREFIX_PATH} CMAKE_PREFIX_PATH=/home/jaehyun/turtlebot3_ws/install/turtlebot3_gazebo:/home/jaehyun/turtlebot3_ws/install/turtlebot3_fake_node:/opt/ros/foxy /usr/bin/cmake --install /home/jaehyun/turtlebot3_ws/build/turtlebot3_simulations
[11.907s] Level 1:colcon.colcon_core.environment:checking '/home/jaehyun/turtlebot3_ws/install/turtlebot3_simulations' for CMake config files
[11.907s] Level 1:colcon.colcon_core.shell:create_environment_hook('turtlebot3_simulations', 'cmake_prefix_path')
[11.907s] INFO:colcon.colcon_core.shell:Creating environment hook '/home/jaehyun/turtlebot3_ws/install/turtlebot3_simulations/share/turtlebot3_simulations/hook/cmake_prefix_path.ps1'
[11.907s] INFO:colcon.colcon_core.shell:Creating environment descriptor '/home/jaehyun/turtlebot3_ws/install/turtlebot3_simulations/share/turtlebot3_simulations/hook/cmake_prefix_path.dsv'
[11.907s] INFO:colcon.colcon_core.shell:Creating environment hook '/home/jaehyun/turtlebot3_ws/install/turtlebot3_simulations/share/turtlebot3_simulations/hook/cmake_prefix_path.sh'
[11.908s] Level 1:colcon.colcon_core.environment:checking '/home/jaehyun/turtlebot3_ws/install/turtlebot3_simulations/bin'
[11.908s] Level 1:colcon.colcon_core.environment:checking '/home/jaehyun/turtlebot3_ws/install/turtlebot3_simulations/lib/pkgconfig/turtlebot3_simulations.pc'
[11.908s] Level 1:colcon.colcon_core.environment:checking '/home/jaehyun/turtlebot3_ws/install/turtlebot3_simulations/lib/python3.8/site-packages'
[11.908s] Level 1:colcon.colcon_core.environment:checking '/home/jaehyun/turtlebot3_ws/install/turtlebot3_simulations/bin'
[11.908s] INFO:colcon.colcon_core.shell:Creating package script '/home/jaehyun/turtlebot3_ws/install/turtlebot3_simulations/share/turtlebot3_simulations/package.ps1'
[11.908s] INFO:colcon.colcon_core.shell:Creating package descriptor '/home/jaehyun/turtlebot3_ws/install/turtlebot3_simulations/share/turtlebot3_simulations/package.dsv'
[11.909s] INFO:colcon.colcon_core.shell:Creating package script '/home/jaehyun/turtlebot3_ws/install/turtlebot3_simulations/share/turtlebot3_simulations/package.sh'
[11.909s] INFO:colcon.colcon_core.shell:Creating package script '/home/jaehyun/turtlebot3_ws/install/turtlebot3_simulations/share/turtlebot3_simulations/package.bash'
[11.909s] INFO:colcon.colcon_core.shell:Creating package script '/home/jaehyun/turtlebot3_ws/install/turtlebot3_simulations/share/turtlebot3_simulations/package.zsh'
[11.909s] Level 1:colcon.colcon_core.environment:create_file_with_runtime_dependencies(/home/jaehyun/turtlebot3_ws/install/turtlebot3_simulations/share/colcon-core/packages/turtlebot3_simulations)
[11.910s] Level 1:colcon.colcon_core.environment:create_environment_scripts_only(turtlebot3_simulations)
[11.910s] Level 1:colcon.colcon_core.environment:checking '/home/jaehyun/turtlebot3_ws/install/turtlebot3_simulations' for CMake module files
[11.910s] Level 1:colcon.colcon_core.environment:checking '/home/jaehyun/turtlebot3_ws/install/turtlebot3_simulations' for CMake config files
[11.910s] Level 1:colcon.colcon_core.shell:create_environment_hook('turtlebot3_simulations', 'cmake_prefix_path')
[11.910s] INFO:colcon.colcon_core.shell:Creating environment hook '/home/jaehyun/turtlebot3_ws/install/turtlebot3_simulations/share/turtlebot3_simulations/hook/cmake_prefix_path.ps1'
[11.910s] INFO:colcon.colcon_core.shell:Creating environment descriptor '/home/jaehyun/turtlebot3_ws/install/turtlebot3_simulations/share/turtlebot3_simulations/hook/cmake_prefix_path.dsv'
[11.911s] INFO:colcon.colcon_core.shell:Creating environment hook '/home/jaehyun/turtlebot3_ws/install/turtlebot3_simulations/share/turtlebot3_simulations/hook/cmake_prefix_path.sh'
[11.911s] Level 1:colcon.colcon_core.environment:checking '/home/jaehyun/turtlebot3_ws/install/turtlebot3_simulations/bin'
[11.911s] Level 1:colcon.colcon_core.environment:checking '/home/jaehyun/turtlebot3_ws/install/turtlebot3_simulations/lib/pkgconfig/turtlebot3_simulations.pc'
[11.911s] Level 1:colcon.colcon_core.environment:checking '/home/jaehyun/turtlebot3_ws/install/turtlebot3_simulations/lib/python3.8/site-packages'
[11.911s] Level 1:colcon.colcon_core.environment:checking '/home/jaehyun/turtlebot3_ws/install/turtlebot3_simulations/bin'
[11.911s] INFO:colcon.colcon_core.shell:Creating package script '/home/jaehyun/turtlebot3_ws/install/turtlebot3_simulations/share/turtlebot3_simulations/package.ps1'
[11.912s] INFO:colcon.colcon_core.shell:Creating package descriptor '/home/jaehyun/turtlebot3_ws/install/turtlebot3_simulations/share/turtlebot3_simulations/package.dsv'
[11.912s] INFO:colcon.colcon_core.shell:Creating package script '/home/jaehyun/turtlebot3_ws/install/turtlebot3_simulations/share/turtlebot3_simulations/package.sh'
[11.912s] INFO:colcon.colcon_core.shell:Creating package script '/home/jaehyun/turtlebot3_ws/install/turtlebot3_simulations/share/turtlebot3_simulations/package.bash'
[11.912s] INFO:colcon.colcon_core.shell:Creating package script '/home/jaehyun/turtlebot3_ws/install/turtlebot3_simulations/share/turtlebot3_simulations/package.zsh'
[11.913s] Level 1:colcon.colcon_core.environment:create_file_with_runtime_dependencies(/home/jaehyun/turtlebot3_ws/install/turtlebot3_simulations/share/colcon-core/packages/turtlebot3_simulations)
[11.913s] DEBUG:colcon.colcon_parallel_executor.executor.parallel:closing loop
[11.913s] DEBUG:colcon.colcon_parallel_executor.executor.parallel:loop closed
[11.913s] DEBUG:colcon.colcon_parallel_executor.executor.parallel:run_until_complete finished with '0'
[11.913s] DEBUG:colcon.colcon_core.event_reactor:joining thread
[11.917s] INFO:colcon.colcon_core.plugin_system:Skipping extension 'colcon_notification.desktop_notification.terminal_notifier': Not used on non-Darwin systems
[11.917s] INFO:colcon.colcon_core.plugin_system:Skipping extension 'colcon_notification.desktop_notification.win32': Not used on non-Windows systems
[11.917s] INFO:colcon.colcon_notification.desktop_notification:Sending desktop notification using 'notify2'
[11.928s] DEBUG:colcon.colcon_core.event_reactor:joined thread
[11.928s] INFO:colcon.colcon_core.shell:Creating prefix script '/home/jaehyun/turtlebot3_ws/install/local_setup.ps1'
[11.929s] INFO:colcon.colcon_core.shell:Creating prefix util module '/home/jaehyun/turtlebot3_ws/install/_local_setup_util_ps1.py'
[11.930s] INFO:colcon.colcon_core.shell:Creating prefix chain script '/home/jaehyun/turtlebot3_ws/install/setup.ps1'
[11.930s] INFO:colcon.colcon_core.shell:Creating prefix script '/home/jaehyun/turtlebot3_ws/install/local_setup.sh'
[11.931s] INFO:colcon.colcon_core.shell:Creating prefix util module '/home/jaehyun/turtlebot3_ws/install/_local_setup_util_sh.py'
[11.931s] INFO:colcon.colcon_core.shell:Creating prefix chain script '/home/jaehyun/turtlebot3_ws/install/setup.sh'
[11.932s] INFO:colcon.colcon_core.shell:Creating prefix script '/home/jaehyun/turtlebot3_ws/install/local_setup.bash'
[11.932s] INFO:colcon.colcon_core.shell:Creating prefix chain script '/home/jaehyun/turtlebot3_ws/install/setup.bash'
[11.933s] INFO:colcon.colcon_core.shell:Creating prefix script '/home/jaehyun/turtlebot3_ws/install/local_setup.zsh'
[11.933s] INFO:colcon.colcon_core.shell:Creating prefix chain script '/home/jaehyun/turtlebot3_ws/install/setup.zsh'
